#
# A fatal error has been detected by the Java Runtime Environment:
#
#  SIGSEGV (0xb) at pc=0x0000000102b095c8, pid=1020, tid=9987
#
# JRE version: Java(TM) SE Runtime Environment (8.0_25-b17) (build 1.8.0_25-b17)
# Java VM: Java HotSpot(TM) 64-Bit Server VM (25.25-b02 mixed mode bsd-amd64 compressed oops)
# Problematic frame:
# V  [libjvm.dylib+0x41a5c8]
#
# Failed to write core dump. Core dumps have been disabled. To enable core dumping, try "ulimit -c unlimited" before starting Java again
#
# If you would like to submit a bug report, please visit:
#   http://bugreport.sun.com/bugreport/crash.jsp
#

---------------  T H R E A D  ---------------

Current thread (0x00007f82dd038000):  VMThread [stack: 0x0000000119cfc000,0x0000000119dfc000] [id=9987]

siginfo: si_signo: 11 (SIGSEGV), si_code: 1 (SEGV_MAPERR), si_addr: 0x000000091827ce58

Registers:
RAX=0xffffffffffffffff, RBX=0x0000000102b095c4, RCX=0x000000011c732ae8, RDX=0x0000000120d13000
RSP=0x0000000119dfb4c0, RBP=0x0000000119dfb4c0, RSI=0x0000000119dfb4b8, RDI=0x000000091827ce58
R8 =0x0000000000080001, R9 =0x0000000000080001, R10=0x0000000000000001, R11=0x0000000056aa5659
R12=0x0000000104753327, R13=0x00007f82de9e45d0, R14=0x0000000104753650, R15=0x000000091827ce58
RIP=0x0000000102b095c8, EFLAGS=0x0000000000010202, ERR=0x0000000000000004
  TRAPNO=0x000000000000000e

Top of Stack: (sp=0x0000000119dfb4c0)
0x0000000119dfb4c0:   0000000119dfb5a0 0000000102b2ed24
0x0000000119dfb4d0:   000000010260b000 0000000104752b50
0x0000000119dfb4e0:   0000000000000000 0000000104752d88
0x0000000119dfb4f0:   0000000104752d88 0000000104752b50
0x0000000119dfb500:   000000010475362c 0000000000000060
0x0000000119dfb510:   0000000104752d7e 000000011900ffff
0x0000000119dfb520:   0000000104752da0 0000000104752da0
0x0000000119dfb530:   00000001047534e0 0000000104752da0
0x0000000119dfb540:   00000001047534e0 0000000104753638
0x0000000119dfb550:   0000000102f77800 0000000119dfb4e0
0x0000000119dfb560:   0000000000000000 0000000102881ace
0x0000000119dfb570:   0000000119dfb580 0000000102b095d8
0x0000000119dfb580:   0000000000000000 00007f82dc61ddf0
0x0000000119dfb590:   0000000104752b50 0000000119dfb780
0x0000000119dfb5a0:   0000000119dfb5c0 00000001028822ad
0x0000000119dfb5b0:   0000000102b095c4 00007f82dd878940
0x0000000119dfb5c0:   0000000119dfb5e0 0000000102b0959e
0x0000000119dfb5d0:   0000000102f8c5f8 0000000102f8c350
0x0000000119dfb5e0:   0000000119dfb630 00000001028754f8
0x0000000119dfb5f0:   0000000102ec53d0 0000000102c96969
0x0000000119dfb600:   0000000100000002 0000000102f8c350
0x0000000119dfb610:   0000000000000000 00007f82dc61ddf0
0x0000000119dfb620:   0000000102f8c350 0000000119dfb780
0x0000000119dfb630:   0000000119dfb650 0000000102bf5e1a
0x0000000119dfb640:   0000000119dfb730 0000000102f8c350
0x0000000119dfb650:   0000000119dfb800 0000000102b83e1a
0x0000000119dfb660:   0000000102f8c5d0 0000000000000000
0x0000000119dfb670:   0000000000000000 00000000000002d3
0x0000000119dfb680:   0000000000000125 0000000000000000
0x0000000119dfb690:   3d005302acc82924 0000000119dfb7c8
0x0000000119dfb6a0:   0000000119dfba20 0000000000000800
0x0000000119dfb6b0:   0000000102c9693e 0000000000000000 

Instructions: (pc=0x0000000102b095c8)
0x0000000102b095a8:   ab f5 ff 48 89 df 48 83 c4 08 5b 5d e9 91 04 12
0x0000000102b095b8:   00 90 55 48 89 e5 5d e9 72 ff ff ff 55 48 89 e5
0x0000000102b095c8:   48 8b 07 48 8b 40 48 be 01 00 00 00 5d ff e0 90
0x0000000102b095d8:   55 48 89 e5 48 8d 35 e1 ff ff ff 5d e9 99 55 02 

Register to memory mapping:

RAX=0xffffffffffffffff is an unknown value
RBX=0x0000000102b095c4: _ZN8Metadata13mark_on_stackEPS_+0 in /Library/Java/JavaVirtualMachines/jdk1.8.0_25.jdk/Contents/Home/jre/lib/server/libjvm.dylib at 0x00000001026ef000
RCX={method} {0x000000011c732ae8} 'isActive' '(Lorg/apache/maven/model/Profile;Lorg/apache/maven/model/profile/ProfileActivationContext;Lorg/apache/maven/model/building/ModelProblemCollector;)Z' in 'org/apache/maven/model/profile/activation/PropertyProfileActivator'
RDX=0x0000000120d13000 is an unknown value
RSP=0x0000000119dfb4c0 is an unknown value
RBP=0x0000000119dfb4c0 is an unknown value
RSI=0x0000000119dfb4b8 is an unknown value
RDI=0x000000091827ce58 is an unknown value
R8 =0x0000000000080001 is an unknown value
R9 =0x0000000000080001 is an unknown value
R10=0x0000000000000001 is an unknown value
R11=0x0000000056aa5659 is an unknown value
R12=0x0000000104753327 is at entry_point+1415 in (nmethod*)0x0000000104752b50
R13=0x00007f82de9e45d0 is an unknown value
R14=0x0000000104753650 is at entry_point+2224 in (nmethod*)0x0000000104752b50
R15=0x000000091827ce58 is an unknown value


Stack: [0x0000000119cfc000,0x0000000119dfc000],  sp=0x0000000119dfb4c0,  free space=1021k
Native frames: (J=compiled Java code, j=interpreted, Vv=VM code, C=native code)
V  [libjvm.dylib+0x41a5c8]
V  [libjvm.dylib+0x43fd24]
V  [libjvm.dylib+0x1932ad]
V  [libjvm.dylib+0x41a59e]
V  [libjvm.dylib+0x1864f8]
V  [libjvm.dylib+0x506e1a]
V  [libjvm.dylib+0x494e1a]
V  [libjvm.dylib+0x49631f]
V  [libjvm.dylib+0x496933]
V  [libjvm.dylib+0x57a826]
V  [libjvm.dylib+0x580c21]
V  [libjvm.dylib+0x57f293]
V  [libjvm.dylib+0x57f6e0]
V  [libjvm.dylib+0x57efff]
V  [libjvm.dylib+0x45d87e]
C  [libsystem_pthread.dylib+0x3268]  _pthread_body+0x83
C  [libsystem_pthread.dylib+0x31e5]  _pthread_body+0x0
C  [libsystem_pthread.dylib+0x141d]  thread_start+0xd

VM_Operation (0x000000010370a788): ParallelGCSystemGC, mode: safepoint, requested by thread 0x00007f82dd001800


---------------  P R O C E S S  ---------------

Java Threads: ( => current thread )
  0x00007f82dea59000 JavaThread "AWT-Shutdown" [_thread_blocked, id=31251, stack(0x000000011f06d000,0x000000011f16d000)]
  0x00007f82de420000 JavaThread "AWT-AppKit" daemon [_thread_blocked, id=1823, stack(0x00007fff5ce0f000,0x00007fff5d60f000)]
  0x00007f82dd0fe800 JavaThread "resolver-5" daemon [_thread_blocked, id=21791, stack(0x000000011d302000,0x000000011d402000)]
  0x00007f82dbac4800 JavaThread "resolver-4" daemon [_thread_blocked, id=21251, stack(0x000000011d9c6000,0x000000011dac6000)]
  0x00007f82dd293000 JavaThread "resolver-3" daemon [_thread_blocked, id=20739, stack(0x000000011ce3e000,0x000000011cf3e000)]
  0x00007f82dc23d000 JavaThread "resolver-2" daemon [_thread_blocked, id=20227, stack(0x000000011d6d0000,0x000000011d7d0000)]
  0x00007f82dd29e800 JavaThread "resolver-1" daemon [_thread_blocked, id=19715, stack(0x000000011d5cd000,0x000000011d6cd000)]
  0x00007f82dd1a2800 JavaThread "process reaper" daemon [_thread_blocked, id=19203, stack(0x000000011c75a000,0x000000011c782000)]
  0x00007f82db84d000 JavaThread "Service Thread" daemon [_thread_blocked, id=18179, stack(0x000000011bd1e000,0x000000011be1e000)]
  0x00007f82db83e800 JavaThread "C1 CompilerThread2" daemon [_thread_blocked, id=17667, stack(0x000000011bc1b000,0x000000011bd1b000)]
  0x00007f82db826800 JavaThread "C2 CompilerThread1" daemon [_thread_in_native, id=17155, stack(0x000000011bb18000,0x000000011bc18000)]
  0x00007f82db83d000 JavaThread "C2 CompilerThread0" daemon [_thread_blocked, id=16643, stack(0x000000011ba15000,0x000000011bb15000)]
  0x00007f82dc800800 JavaThread "Signal Dispatcher" daemon [_thread_blocked, id=12811, stack(0x000000011b912000,0x000000011ba12000)]
  0x00007f82dd03d000 JavaThread "Finalizer" daemon [_thread_blocked, id=11011, stack(0x0000000119f02000,0x000000011a002000)]
  0x00007f82dd03c800 JavaThread "Reference Handler" daemon [_thread_blocked, id=10499, stack(0x0000000119dff000,0x0000000119eff000)]
  0x00007f82dd001800 JavaThread "main" [_thread_blocked, id=3331, stack(0x000000010360c000,0x000000010370c000)]

Other Threads:
=>0x00007f82dd038000 VMThread [stack: 0x0000000119cfc000,0x0000000119dfc000] [id=9987]
  0x00007f82db84d800 WatcherThread [stack: 0x000000011be21000,0x000000011bf21000] [id=18691]

VM state:at safepoint (normal execution)

VM Mutex/Monitor currently owned by a thread:  ([mutex/lock_event])
[0x00007f82db701480] Threads_lock - owner thread: 0x00007f82dd038000
[0x00007f82db701980] Heap_lock - owner thread: 0x00007f82dd001800

Heap:
 PSYoungGen      total 142848K, used 8864K [0x0000000795580000, 0x000000079ed80000, 0x00000007c0000000)
  eden space 132608K, 0% used [0x0000000795580000,0x0000000795580000,0x000000079d700000)
  from space 10240K, 86% used [0x000000079d700000,0x000000079dfa8170,0x000000079e100000)
  to   space 11264K, 0% used [0x000000079e280000,0x000000079e280000,0x000000079ed80000)
 ParOldGen       total 87552K, used 8643K [0x0000000740000000, 0x0000000745580000, 0x0000000795580000)
  object space 87552K, 9% used [0x0000000740000000,0x0000000740870d38,0x0000000745580000)
 Metaspace       used 19716K, capacity 20458K, committed 20736K, reserved 1067008K
  class space    used 2311K, capacity 2559K, committed 2560K, reserved 1048576K

Card table byte_map: [0x00000001133c0000,0x00000001137c1000] byte_map_base: 0x000000010f9c0000

Marking Bits: (ParMarkBitMap*) 0x0000000102f8c390
 Begin Bits: [0x0000000113e78000, 0x0000000115e78000)
 End Bits:   [0x0000000115e78000, 0x0000000117e78000)

Polling page: 0x0000000103750000

CodeCache: size=245760Kb used=10653Kb max_used=10662Kb free=235106Kb
 bounds [0x0000000104000000, 0x0000000104a80000, 0x0000000113000000]
 total_blobs=3595 nmethods=3232 adapters=277
 compilation: enabled

Compilation events (10 events):
Event: 7.643 Thread 0x00007f82db83e800 3457   !   3       java.io.Writer::write (52 bytes)
Event: 7.643 Thread 0x00007f82db83e800 nmethod 3457 0x0000000104a71050 code [0x0000000104a711e0, 0x0000000104a716c8]
Event: 7.644 Thread 0x00007f82db83d000 nmethod 3455 0x0000000104a74690 code [0x0000000104a747e0, 0x0000000104a74978]
Event: 7.645 Thread 0x00007f82db83e800 3458       3       java.util.Calendar::aggregateStamp (21 bytes)
Event: 7.645 Thread 0x00007f82db83e800 nmethod 3458 0x0000000104a74290 code [0x0000000104a74400, 0x0000000104a74610]
Event: 7.645 Thread 0x00007f82db83e800 3459       3       java.util.Calendar::isStandaloneStyle (13 bytes)
Event: 7.645 Thread 0x00007f82db83e800 nmethod 3459 0x0000000104a73f10 code [0x0000000104a74080, 0x0000000104a74230]
Event: 7.646 Thread 0x00007f82db83e800 3460       1       java.util.Formatter$Flags::valueOf (5 bytes)
Event: 7.646 Thread 0x00007f82db83e800 nmethod 3460 0x0000000104a73c50 code [0x0000000104a73da0, 0x0000000104a73eb0]
Event: 7.646 Thread 0x00007f82db83e800 3461       3       sun.util.locale.provider.LocaleProviderAdapter::getAdapter (171 bytes)

GC Heap History (10 events):
Event: 2.390 GC heap after
Heap after GC invocations=3 (full 0):
 PSYoungGen      total 38400K, used 5092K [0x0000000795580000, 0x000000079a080000, 0x00000007c0000000)
  eden space 33280K, 0% used [0x0000000795580000,0x0000000795580000,0x0000000797600000)
  from space 5120K, 99% used [0x0000000797600000,0x0000000797af93d8,0x0000000797b00000)
  to   space 5120K, 0% used [0x0000000799b80000,0x0000000799b80000,0x000000079a080000)
 ParOldGen       total 87552K, used 1862K [0x0000000740000000, 0x0000000745580000, 0x0000000795580000)
  object space 87552K, 2% used [0x0000000740000000,0x00000007401d1a20,0x0000000745580000)
 Metaspace       used 13127K, capacity 13386K, committed 13568K, reserved 1060864K
  class space    used 1609K, capacity 1686K, committed 1792K, reserved 1048576K
}
Event: 2.793 GC heap before
{Heap before GC invocations=4 (full 0):
 PSYoungGen      total 38400K, used 38372K [0x0000000795580000, 0x000000079a080000, 0x00000007c0000000)
  eden space 33280K, 100% used [0x0000000795580000,0x0000000797600000,0x0000000797600000)
  from space 5120K, 99% used [0x0000000797600000,0x0000000797af93d8,0x0000000797b00000)
  to   space 5120K, 0% used [0x0000000799b80000,0x0000000799b80000,0x000000079a080000)
 ParOldGen       total 87552K, used 1862K [0x0000000740000000, 0x0000000745580000, 0x0000000795580000)
  object space 87552K, 2% used [0x0000000740000000,0x00000007401d1a20,0x0000000745580000)
 Metaspace       used 13427K, capacity 13686K, committed 13824K, reserved 1060864K
  class space    used 1625K, capacity 1720K, committed 1792K, reserved 1048576K
Event: 2.806 GC heap after
Heap after GC invocations=4 (full 0):
 PSYoungGen      total 71680K, used 5120K [0x0000000795580000, 0x000000079a080000, 0x00000007c0000000)
  eden space 66560K, 0% used [0x0000000795580000,0x0000000795580000,0x0000000799680000)
  from space 5120K, 100% used [0x0000000799b80000,0x000000079a080000,0x000000079a080000)
  to   space 5120K, 0% used [0x0000000799680000,0x0000000799680000,0x0000000799b80000)
 ParOldGen       total 87552K, used 3618K [0x0000000740000000, 0x0000000745580000, 0x0000000795580000)
  object space 87552K, 4% used [0x0000000740000000,0x0000000740388ab8,0x0000000745580000)
 Metaspace       used 13427K, capacity 13686K, committed 13824K, reserved 1060864K
  class space    used 1625K, capacity 1720K, committed 1792K, reserved 1048576K
}
Event: 3.767 GC heap before
{Heap before GC invocations=5 (full 0):
 PSYoungGen      total 71680K, used 71680K [0x0000000795580000, 0x000000079a080000, 0x00000007c0000000)
  eden space 66560K, 100% used [0x0000000795580000,0x0000000799680000,0x0000000799680000)
  from space 5120K, 100% used [0x0000000799b80000,0x000000079a080000,0x000000079a080000)
  to   space 5120K, 0% used [0x0000000799680000,0x0000000799680000,0x0000000799b80000)
 ParOldGen       total 87552K, used 3618K [0x0000000740000000, 0x0000000745580000, 0x0000000795580000)
  object space 87552K, 4% used [0x0000000740000000,0x0000000740388ab8,0x0000000745580000)
 Metaspace       used 14452K, capacity 14796K, committed 14976K, reserved 1062912K
  class space    used 1702K, capacity 1833K, committed 1920K, reserved 1048576K
Event: 3.789 GC heap after
Heap after GC invocations=5 (full 0):
 PSYoungGen      total 71680K, used 5104K [0x0000000795580000, 0x000000079ea80000, 0x00000007c0000000)
  eden space 66560K, 0% used [0x0000000795580000,0x0000000795580000,0x0000000799680000)
  from space 5120K, 99% used [0x0000000799680000,0x0000000799b7c010,0x0000000799b80000)
  to   space 9728K, 0% used [0x000000079e100000,0x000000079e100000,0x000000079ea80000)
 ParOldGen       total 87552K, used 7075K [0x0000000740000000, 0x0000000745580000, 0x0000000795580000)
  object space 87552K, 8% used [0x0000000740000000,0x00000007406e8ce8,0x0000000745580000)
 Metaspace       used 14452K, capacity 14796K, committed 14976K, reserved 1062912K
  class space    used 1702K, capacity 1833K, committed 1920K, reserved 1048576K
}
Event: 5.300 GC heap before
{Heap before GC invocations=6 (full 0):
 PSYoungGen      total 71680K, used 71664K [0x0000000795580000, 0x000000079ea80000, 0x00000007c0000000)
  eden space 66560K, 100% used [0x0000000795580000,0x0000000799680000,0x0000000799680000)
  from space 5120K, 99% used [0x0000000799680000,0x0000000799b7c010,0x0000000799b80000)
  to   space 9728K, 0% used [0x000000079e100000,0x000000079e100000,0x000000079ea80000)
 ParOldGen       total 87552K, used 7075K [0x0000000740000000, 0x0000000745580000, 0x0000000795580000)
  object space 87552K, 8% used [0x0000000740000000,0x00000007406e8ce8,0x0000000745580000)
 Metaspace       used 16398K, capacity 16946K, committed 17280K, reserved 1064960K
  class space    used 1893K, capacity 2077K, committed 2176K, reserved 1048576K
Event: 5.316 GC heap after
Heap after GC invocations=6 (full 0):
 PSYoungGen      total 142336K, used 8273K [0x0000000795580000, 0x000000079eb80000, 0x00000007c0000000)
  eden space 132608K, 0% used [0x0000000795580000,0x0000000795580000,0x000000079d700000)
  from space 9728K, 85% used [0x000000079e100000,0x000000079e914608,0x000000079ea80000)
  to   space 10240K, 0% used [0x000000079d700000,0x000000079d700000,0x000000079e100000)
 ParOldGen       total 87552K, used 7083K [0x0000000740000000, 0x0000000745580000, 0x0000000795580000)
  object space 87552K, 8% used [0x0000000740000000,0x00000007406eace8,0x0000000745580000)
 Metaspace       used 16398K, capacity 16946K, committed 17280K, reserved 1064960K
  class space    used 1893K, capacity 2077K, committed 2176K, reserved 1048576K
}
Event: 7.647 GC heap before
{Heap before GC invocations=7 (full 0):
 PSYoungGen      total 142336K, used 54160K [0x0000000795580000, 0x000000079eb80000, 0x00000007c0000000)
  eden space 132608K, 34% used [0x0000000795580000,0x000000079824fb78,0x000000079d700000)
  from space 9728K, 85% used [0x000000079e100000,0x000000079e914608,0x000000079ea80000)
  to   space 10240K, 0% used [0x000000079d700000,0x000000079d700000,0x000000079e100000)
 ParOldGen       total 87552K, used 7083K [0x0000000740000000, 0x0000000745580000, 0x0000000795580000)
  object space 87552K, 8% used [0x0000000740000000,0x00000007406eace8,0x0000000745580000)
 Metaspace       used 19716K, capacity 20458K, committed 20736K, reserved 1067008K
  class space    used 2311K, capacity 2559K, committed 2560K, reserved 1048576K
Event: 7.671 GC heap after
Heap after GC invocations=7 (full 0):
 PSYoungGen      total 142848K, used 8864K [0x0000000795580000, 0x000000079ed80000, 0x00000007c0000000)
  eden space 132608K, 0% used [0x0000000795580000,0x0000000795580000,0x000000079d700000)
  from space 10240K, 86% used [0x000000079d700000,0x000000079dfa8170,0x000000079e100000)
  to   space 11264K, 0% used [0x000000079e280000,0x000000079e280000,0x000000079ed80000)
 ParOldGen       total 87552K, used 8643K [0x0000000740000000, 0x0000000745580000, 0x0000000795580000)
  object space 87552K, 9% used [0x0000000740000000,0x0000000740870d38,0x0000000745580000)
 Metaspace       used 19716K, capacity 20458K, committed 20736K, reserved 1067008K
  class space    used 2311K, capacity 2559K, committed 2560K, reserved 1048576K
}
Event: 7.671 GC heap before
{Heap before GC invocations=8 (full 1):
 PSYoungGen      total 142848K, used 8864K [0x0000000795580000, 0x000000079ed80000, 0x00000007c0000000)
  eden space 132608K, 0% used [0x0000000795580000,0x0000000795580000,0x000000079d700000)
  from space 10240K, 86% used [0x000000079d700000,0x000000079dfa8170,0x000000079e100000)
  to   space 11264K, 0% used [0x000000079e280000,0x000000079e280000,0x000000079ed80000)
 ParOldGen       total 87552K, used 8643K [0x0000000740000000, 0x0000000745580000, 0x0000000795580000)
  object space 87552K, 9% used [0x0000000740000000,0x0000000740870d38,0x0000000745580000)
 Metaspace       used 19716K, capacity 20458K, committed 20736K, reserved 1067008K
  class space    used 2311K, capacity 2559K, committed 2560K, reserved 1048576K

Deoptimization events (10 events):
Event: 5.348 Thread 0x00007f82dd001800 Uncommon trap: reason=bimorphic action=maybe_recompile pc=0x000000010478511c method=java.util.regex.Pattern$BmpCharProperty.match(Ljava/util/regex/Matcher;ILjava/lang/CharSequence;)Z @ 16
Event: 5.348 Thread 0x00007f82dd001800 Uncommon trap: reason=bimorphic action=maybe_recompile pc=0x000000010478511c method=java.util.regex.Pattern$BmpCharProperty.match(Ljava/util/regex/Matcher;ILjava/lang/CharSequence;)Z @ 16
Event: 5.348 Thread 0x00007f82dd001800 Uncommon trap: reason=bimorphic action=maybe_recompile pc=0x000000010478511c method=java.util.regex.Pattern$BmpCharProperty.match(Ljava/util/regex/Matcher;ILjava/lang/CharSequence;)Z @ 16
Event: 5.348 Thread 0x00007f82dd001800 Uncommon trap: reason=bimorphic action=maybe_recompile pc=0x000000010478511c method=java.util.regex.Pattern$BmpCharProperty.match(Ljava/util/regex/Matcher;ILjava/lang/CharSequence;)Z @ 16
Event: 6.038 Thread 0x00007f82dd001800 Uncommon trap: reason=bimorphic action=maybe_recompile pc=0x00000001049cf474 method=java.util.Hashtable.addEntry(ILjava/lang/Object;Ljava/lang/Object;I)V @ 38
Event: 6.044 Thread 0x00007f82dd001800 Uncommon trap: reason=bimorphic action=maybe_recompile pc=0x00000001049cf474 method=java.util.Hashtable.addEntry(ILjava/lang/Object;Ljava/lang/Object;I)V @ 38
Event: 6.103 Thread 0x00007f82dd001800 Uncommon trap: reason=bimorphic action=maybe_recompile pc=0x0000000104a092fc method=java.util.Hashtable.get(Ljava/lang/Object;)Ljava/lang/Object; @ 45
Event: 6.104 Thread 0x00007f82dd001800 Uncommon trap: reason=bimorphic action=maybe_recompile pc=0x0000000104a092fc method=java.util.Hashtable.get(Ljava/lang/Object;)Ljava/lang/Object; @ 45
Event: 6.104 Thread 0x00007f82dd001800 Uncommon trap: reason=bimorphic action=maybe_recompile pc=0x0000000104a092fc method=java.util.Hashtable.get(Ljava/lang/Object;)Ljava/lang/Object; @ 45
Event: 6.104 Thread 0x00007f82dd001800 Uncommon trap: reason=bimorphic action=maybe_recompile pc=0x0000000104a092fc method=java.util.Hashtable.get(Ljava/lang/Object;)Ljava/lang/Object; @ 45

Internal exceptions (10 events):
Event: 6.514 Thread 0x00007f82dd001800 Exception <a 'java/security/PrivilegedActionException'> (0x0000000797fa4ce8) thrown at [/HUDSON3/workspace/8-2-build-macosx-x86_64/jdk8u25/1514/hotspot/src/share/vm/prims/jvm.cpp, line 1312]
Event: 6.516 Thread 0x00007f82dd001800 Exception <a 'java/security/PrivilegedActionException'> (0x0000000797fb6850) thrown at [/HUDSON3/workspace/8-2-build-macosx-x86_64/jdk8u25/1514/hotspot/src/share/vm/prims/jvm.cpp, line 1312]
Event: 6.517 Thread 0x00007f82dd001800 Exception <a 'java/security/PrivilegedActionException'> (0x0000000797fbd2f0) thrown at [/HUDSON3/workspace/8-2-build-macosx-x86_64/jdk8u25/1514/hotspot/src/share/vm/prims/jvm.cpp, line 1312]
Event: 6.518 Thread 0x00007f82dd001800 Exception <a 'java/security/PrivilegedActionException'> (0x0000000797fc7790) thrown at [/HUDSON3/workspace/8-2-build-macosx-x86_64/jdk8u25/1514/hotspot/src/share/vm/prims/jvm.cpp, line 1312]
Event: 6.519 Thread 0x00007f82dd001800 Exception <a 'java/security/PrivilegedActionException'> (0x0000000797fcb7e0) thrown at [/HUDSON3/workspace/8-2-build-macosx-x86_64/jdk8u25/1514/hotspot/src/share/vm/prims/jvm.cpp, line 1312]
Event: 6.522 Thread 0x00007f82dd001800 Exception <a 'java/security/PrivilegedActionException'> (0x0000000797fd5ff8) thrown at [/HUDSON3/workspace/8-2-build-macosx-x86_64/jdk8u25/1514/hotspot/src/share/vm/prims/jvm.cpp, line 1312]
Event: 7.308 Thread 0x00007f82dd001800 Exception <a 'java/security/PrivilegedActionException'> (0x000000079801f8b8) thrown at [/HUDSON3/workspace/8-2-build-macosx-x86_64/jdk8u25/1514/hotspot/src/share/vm/prims/jvm.cpp, line 1312]
Event: 7.308 Thread 0x00007f82dd001800 Exception <a 'java/security/PrivilegedActionException'> (0x0000000798023698) thrown at [/HUDSON3/workspace/8-2-build-macosx-x86_64/jdk8u25/1514/hotspot/src/share/vm/prims/jvm.cpp, line 1312]
Event: 7.309 Thread 0x00007f82dd001800 Exception <a 'java/security/PrivilegedActionException'> (0x000000079802a4e0) thrown at [/HUDSON3/workspace/8-2-build-macosx-x86_64/jdk8u25/1514/hotspot/src/share/vm/prims/jvm.cpp, line 1312]
Event: 7.310 Thread 0x00007f82dd001800 Exception <a 'java/security/PrivilegedActionException'> (0x0000000798030ef8) thrown at [/HUDSON3/workspace/8-2-build-macosx-x86_64/jdk8u25/1514/hotspot/src/share/vm/prims/jvm.cpp, line 1312]

Events (10 events):
Event: 7.308 loading class org/codehaus/plexus/archiver/zip/ExtraFieldUtils done
Event: 7.309 loading class org/codehaus/plexus/archiver/zip/AsiExtraField
Event: 7.309 loading class org/codehaus/plexus/archiver/zip/AsiExtraField done
Event: 7.309 loading class org/codehaus/plexus/archiver/zip/AsiExtraField
Event: 7.309 loading class org/codehaus/plexus/archiver/zip/AsiExtraField done
Event: 7.310 loading class org/codehaus/plexus/archiver/UnixStat
Event: 7.310 loading class org/codehaus/plexus/archiver/UnixStat done
Event: 7.310 loading class org/codehaus/plexus/archiver/UnixStat
Event: 7.310 loading class org/codehaus/plexus/archiver/UnixStat done
Event: 7.647 Executing VM operation: ParallelGCSystemGC


Dynamic libraries:
0x000000000c0f6000 	/System/Library/Frameworks/Cocoa.framework/Versions/A/Cocoa
0x000000000c0f6000 	/System/Library/Frameworks/Security.framework/Versions/A/Security
0x000000000c0f6000 	/System/Library/Frameworks/ApplicationServices.framework/Versions/A/ApplicationServices
0x000000000c0f6000 	/usr/lib/libz.1.dylib
0x000000000c0f6000 	/usr/lib/libSystem.B.dylib
0x000000000c0f6000 	/usr/lib/libobjc.A.dylib
0x000000000c0f6000 	/System/Library/Frameworks/CoreFoundation.framework/Versions/A/CoreFoundation
0x000000000c0f6000 	/System/Library/Frameworks/Foundation.framework/Versions/C/Foundation
0x000000000c0f6000 	/System/Library/Frameworks/AppKit.framework/Versions/C/AppKit
0x000000000c0f6000 	/System/Library/Frameworks/CoreData.framework/Versions/A/CoreData
0x000000000c0f6000 	/System/Library/PrivateFrameworks/RemoteViewServices.framework/Versions/A/RemoteViewServices
0x000000000c0f6000 	/System/Library/PrivateFrameworks/UIFoundation.framework/Versions/A/UIFoundation
0x000000000c0f6000 	/System/Library/Frameworks/IOSurface.framework/Versions/A/IOSurface
0x000000000c0f6000 	/System/Library/Frameworks/AudioToolbox.framework/Versions/A/AudioToolbox
0x000000000c0f6000 	/System/Library/Frameworks/AudioUnit.framework/Versions/A/AudioUnit
0x000000000c0f6000 	/System/Library/PrivateFrameworks/DataDetectorsCore.framework/Versions/A/DataDetectorsCore
0x000000000c0f6000 	/System/Library/PrivateFrameworks/DesktopServicesPriv.framework/Versions/A/DesktopServicesPriv
0x000000000c0f6000 	/System/Library/Frameworks/Carbon.framework/Versions/A/Frameworks/HIToolbox.framework/Versions/A/HIToolbox
0x000000000c0f6000 	/System/Library/Frameworks/QuartzCore.framework/Versions/A/QuartzCore
0x000000000c0f6000 	/System/Library/Frameworks/Carbon.framework/Versions/A/Frameworks/SpeechRecognition.framework/Versions/A/SpeechRecognition
0x000000000c0f6000 	/usr/lib/libauto.dylib
0x000000000c0f6000 	/usr/lib/libicucore.A.dylib
0x000000000c0f6000 	/usr/lib/libxml2.2.dylib
0x000000000c0f6000 	/System/Library/PrivateFrameworks/CoreUI.framework/Versions/A/CoreUI
0x000000000c0f6000 	/System/Library/Frameworks/CoreAudio.framework/Versions/A/CoreAudio
0x000000000c0f6000 	/System/Library/Frameworks/DiskArbitration.framework/Versions/A/DiskArbitration
0x000000000c0f6000 	/usr/lib/liblangid.dylib
0x000000000c0f6000 	/System/Library/PrivateFrameworks/MultitouchSupport.framework/Versions/A/MultitouchSupport
0x000000000c0f6000 	/System/Library/Frameworks/IOKit.framework/Versions/A/IOKit
0x000000000c0f6000 	/usr/lib/libDiagnosticMessagesClient.dylib
0x000000000c0f6000 	/System/Library/Frameworks/CoreServices.framework/Versions/A/CoreServices
0x000000000c0f6000 	/System/Library/PrivateFrameworks/PerformanceAnalysis.framework/Versions/A/PerformanceAnalysis
0x000000000c0f6000 	/System/Library/PrivateFrameworks/GenerationalStorage.framework/Versions/A/GenerationalStorage
0x000000000c0f6000 	/System/Library/Frameworks/OpenGL.framework/Versions/A/OpenGL
0x000000000c0f6000 	/System/Library/PrivateFrameworks/Sharing.framework/Versions/A/Sharing
0x000000000c0f6000 	/System/Library/Frameworks/CoreGraphics.framework/Versions/A/CoreGraphics
0x000000000c0f6000 	/System/Library/Frameworks/CoreText.framework/Versions/A/CoreText
0x000000000c0f6000 	/System/Library/Frameworks/ImageIO.framework/Versions/A/ImageIO
0x000000000c0f6000 	/usr/lib/libextension.dylib
0x000000000c0f6000 	/System/Library/PrivateFrameworks/Backup.framework/Versions/A/Backup
0x000000000c0f6000 	/usr/lib/libarchive.2.dylib
0x000000000c0f6000 	/System/Library/Frameworks/CFNetwork.framework/Versions/A/CFNetwork
0x000000000c0f6000 	/System/Library/Frameworks/SystemConfiguration.framework/Versions/A/SystemConfiguration
0x000000000c0f6000 	/usr/lib/libCRFSuite.dylib
0x000000000c0f6000 	/usr/lib/libc++.1.dylib
0x000000000c0f6000 	/usr/lib/libc++abi.dylib
0x000000000c0f6000 	/usr/lib/system/libcache.dylib
0x000000000c0f6000 	/usr/lib/system/libcommonCrypto.dylib
0x000000000c0f6000 	/usr/lib/system/libcompiler_rt.dylib
0x000000000c0f6000 	/usr/lib/system/libcopyfile.dylib
0x000000000c0f6000 	/usr/lib/system/libcorecrypto.dylib
0x000000000c0f6000 	/usr/lib/system/libdispatch.dylib
0x000000000c0f6000 	/usr/lib/system/libdyld.dylib
0x000000000c0f6000 	/usr/lib/system/libkeymgr.dylib
0x000000000c0f6000 	/usr/lib/system/liblaunch.dylib
0x000000000c0f6000 	/usr/lib/system/libmacho.dylib
0x000000000c0f6000 	/usr/lib/system/libquarantine.dylib
0x000000000c0f6000 	/usr/lib/system/libremovefile.dylib
0x000000000c0f6000 	/usr/lib/system/libsystem_asl.dylib
0x000000000c0f6000 	/usr/lib/system/libsystem_blocks.dylib
0x000000000c0f6000 	/usr/lib/system/libsystem_c.dylib
0x000000000c0f6000 	/usr/lib/system/libsystem_configuration.dylib
0x000000000c0f6000 	/usr/lib/system/libsystem_coreservices.dylib
0x000000000c0f6000 	/usr/lib/system/libsystem_coretls.dylib
0x000000000c0f6000 	/usr/lib/system/libsystem_dnssd.dylib
0x000000000c0f6000 	/usr/lib/system/libsystem_info.dylib
0x000000000c0f6000 	/usr/lib/system/libsystem_kernel.dylib
0x000000000c0f6000 	/usr/lib/system/libsystem_m.dylib
0x000000000c0f6000 	/usr/lib/system/libsystem_malloc.dylib
0x000000000c0f6000 	/usr/lib/system/libsystem_network.dylib
0x000000000c0f6000 	/usr/lib/system/libsystem_networkextension.dylib
0x000000000c0f6000 	/usr/lib/system/libsystem_notify.dylib
0x000000000c0f6000 	/usr/lib/system/libsystem_platform.dylib
0x000000000c0f6000 	/usr/lib/system/libsystem_pthread.dylib
0x000000000c0f6000 	/usr/lib/system/libsystem_sandbox.dylib
0x000000000c0f6000 	/usr/lib/system/libsystem_secinit.dylib
0x000000000c0f6000 	/usr/lib/system/libsystem_stats.dylib
0x000000000c0f6000 	/usr/lib/system/libsystem_trace.dylib
0x000000000c0f6000 	/usr/lib/system/libunc.dylib
0x000000000c0f6000 	/usr/lib/system/libunwind.dylib
0x000000000c0f6000 	/usr/lib/system/libxpc.dylib
0x000000000c0f6000 	/usr/lib/libbz2.1.0.dylib
0x000000000c0f6000 	/usr/lib/liblzma.5.dylib
0x000000000c0f6000 	/usr/lib/libbsm.0.dylib
0x000000000c0f6000 	/usr/lib/libsqlite3.dylib
0x000000000c0f6000 	/usr/lib/system/libkxld.dylib
0x000000000c0f6000 	/usr/lib/libxar.1.dylib
0x000000000c0f6000 	/usr/lib/libpam.2.dylib
0x000000000c0f6000 	/usr/lib/libOpenScriptingUtil.dylib
0x000000000c0f6000 	/System/Library/Frameworks/CoreServices.framework/Versions/A/Frameworks/FSEvents.framework/Versions/A/FSEvents
0x000000000c0f6000 	/System/Library/Frameworks/CoreServices.framework/Versions/A/Frameworks/CarbonCore.framework/Versions/A/CarbonCore
0x000000000c0f6000 	/System/Library/Frameworks/CoreServices.framework/Versions/A/Frameworks/Metadata.framework/Versions/A/Metadata
0x000000000c0f6000 	/System/Library/Frameworks/CoreServices.framework/Versions/A/Frameworks/OSServices.framework/Versions/A/OSServices
0x000000000c0f6000 	/System/Library/Frameworks/CoreServices.framework/Versions/A/Frameworks/SearchKit.framework/Versions/A/SearchKit
0x000000000c0f6000 	/System/Library/Frameworks/CoreServices.framework/Versions/A/Frameworks/AE.framework/Versions/A/AE
0x000000000c0f6000 	/System/Library/Frameworks/CoreServices.framework/Versions/A/Frameworks/LaunchServices.framework/Versions/A/LaunchServices
0x000000000c0f6000 	/System/Library/Frameworks/CoreServices.framework/Versions/A/Frameworks/DictionaryServices.framework/Versions/A/DictionaryServices
0x000000000c0f6000 	/System/Library/Frameworks/NetFS.framework/Versions/A/NetFS
0x000000000c0f6000 	/System/Library/PrivateFrameworks/NetAuth.framework/Versions/A/NetAuth
0x000000000c0f6000 	/System/Library/PrivateFrameworks/login.framework/Versions/A/Frameworks/loginsupport.framework/Versions/A/loginsupport
0x000000000c0f6000 	/System/Library/PrivateFrameworks/TCC.framework/Versions/A/TCC
0x000000000c0f6000 	/usr/lib/libmecabra.dylib
0x000000000c0f6000 	/System/Library/Frameworks/ApplicationServices.framework/Versions/A/Frameworks/ATS.framework/Versions/A/ATS
0x000000000c0f6000 	/System/Library/Frameworks/ApplicationServices.framework/Versions/A/Frameworks/ColorSync.framework/Versions/A/ColorSync
0x000000000c0f6000 	/System/Library/Frameworks/ApplicationServices.framework/Versions/A/Frameworks/HIServices.framework/Versions/A/HIServices
0x000000000c0f6000 	/System/Library/Frameworks/ApplicationServices.framework/Versions/A/Frameworks/LangAnalysis.framework/Versions/A/LangAnalysis
0x000000000c0f6000 	/System/Library/Frameworks/ApplicationServices.framework/Versions/A/Frameworks/PrintCore.framework/Versions/A/PrintCore
0x000000000c0f6000 	/System/Library/Frameworks/ApplicationServices.framework/Versions/A/Frameworks/QD.framework/Versions/A/QD
0x000000000c0f6000 	/System/Library/Frameworks/ApplicationServices.framework/Versions/A/Frameworks/SpeechSynthesis.framework/Versions/A/SpeechSynthesis
0x000000000c0f6000 	/System/Library/Frameworks/Accelerate.framework/Versions/A/Accelerate
0x000000000c0f6000 	/System/Library/Frameworks/Accelerate.framework/Versions/A/Frameworks/vImage.framework/Versions/A/vImage
0x000000000c0f6000 	/System/Library/Frameworks/Accelerate.framework/Versions/A/Frameworks/vecLib.framework/Versions/A/vecLib
0x000000000c0f6000 	/System/Library/Frameworks/Accelerate.framework/Versions/A/Frameworks/vecLib.framework/Versions/A/libvDSP.dylib
0x000000000c0f6000 	/System/Library/Frameworks/Accelerate.framework/Versions/A/Frameworks/vecLib.framework/Versions/A/libvMisc.dylib
0x000000000c0f6000 	/System/Library/Frameworks/Accelerate.framework/Versions/A/Frameworks/vecLib.framework/Versions/A/libLAPACK.dylib
0x000000000c0f6000 	/System/Library/Frameworks/Accelerate.framework/Versions/A/Frameworks/vecLib.framework/Versions/A/libBLAS.dylib
0x000000000c0f6000 	/System/Library/Frameworks/Accelerate.framework/Versions/A/Frameworks/vecLib.framework/Versions/A/libLinearAlgebra.dylib
0x000000000c0f6000 	/System/Library/Frameworks/ApplicationServices.framework/Versions/A/Frameworks/ATS.framework/Versions/A/Resources/libFontParser.dylib
0x000000000c0f6000 	/System/Library/Frameworks/ApplicationServices.framework/Versions/A/Frameworks/ATS.framework/Versions/A/Resources/libFontRegistry.dylib
0x000000000c0f6000 	/System/Library/PrivateFrameworks/AppleVPA.framework/Versions/A/AppleVPA
0x000000000c0f6000 	/System/Library/PrivateFrameworks/AppleJPEG.framework/Versions/A/AppleJPEG
0x000000000c0f6000 	/System/Library/Frameworks/ImageIO.framework/Versions/A/Resources/libJPEG.dylib
0x000000000c0f6000 	/System/Library/Frameworks/ImageIO.framework/Versions/A/Resources/libTIFF.dylib
0x000000000c0f6000 	/System/Library/Frameworks/ImageIO.framework/Versions/A/Resources/libPng.dylib
0x000000000c0f6000 	/System/Library/Frameworks/ImageIO.framework/Versions/A/Resources/libGIF.dylib
0x000000000c0f6000 	/System/Library/Frameworks/ImageIO.framework/Versions/A/Resources/libJP2.dylib
0x000000000c0f6000 	/System/Library/Frameworks/ImageIO.framework/Versions/A/Resources/libRadiance.dylib
0x000000000c0f6000 	/System/Library/Frameworks/CoreVideo.framework/Versions/A/CoreVideo
0x000000000c0f6000 	/System/Library/Frameworks/OpenGL.framework/Versions/A/Libraries/libGLU.dylib
0x000000000c0f6000 	/System/Library/Frameworks/OpenGL.framework/Versions/A/Libraries/libGFXShared.dylib
0x000000000c0f6000 	/System/Library/Frameworks/OpenGL.framework/Versions/A/Libraries/libGL.dylib
0x000000000c0f6000 	/System/Library/Frameworks/OpenGL.framework/Versions/A/Libraries/libGLImage.dylib
0x000000000c0f6000 	/System/Library/Frameworks/OpenGL.framework/Versions/A/Libraries/libCVMSPluginSupport.dylib
0x000000000c0f6000 	/System/Library/Frameworks/OpenGL.framework/Versions/A/Libraries/libCoreVMClient.dylib
0x000000000c0f6000 	/usr/lib/libcups.2.dylib
0x000000000c0f6000 	/System/Library/Frameworks/Kerberos.framework/Versions/A/Kerberos
0x000000000c0f6000 	/System/Library/Frameworks/GSS.framework/Versions/A/GSS
0x000000000c0f6000 	/usr/lib/libresolv.9.dylib
0x000000000c0f6000 	/usr/lib/libiconv.2.dylib
0x000000000c0f6000 	/System/Library/PrivateFrameworks/Heimdal.framework/Versions/A/Heimdal
0x000000000c0f6000 	/usr/lib/libheimdal-asn1.dylib
0x000000000c0f6000 	/System/Library/Frameworks/OpenDirectory.framework/Versions/A/OpenDirectory
0x000000000c0f6000 	/System/Library/PrivateFrameworks/CommonAuth.framework/Versions/A/CommonAuth
0x000000000c0f6000 	/System/Library/Frameworks/OpenDirectory.framework/Versions/A/Frameworks/CFOpenDirectory.framework/Versions/A/CFOpenDirectory
0x000000000c0f6000 	/System/Library/Frameworks/SecurityFoundation.framework/Versions/A/SecurityFoundation
0x000000000c0f6000 	/System/Library/PrivateFrameworks/LanguageModeling.framework/Versions/A/LanguageModeling
0x000000000c0f6000 	/usr/lib/libcmph.dylib
0x000000000c0f6000 	/System/Library/Frameworks/ServiceManagement.framework/Versions/A/ServiceManagement
0x000000000c0f6000 	/usr/lib/libxslt.1.dylib
0x000000000c0f6000 	/System/Library/Frameworks/Carbon.framework/Versions/A/Frameworks/Ink.framework/Versions/A/Ink
0x000000000c0f6000 	/System/Library/Frameworks/QuartzCore.framework/Versions/A/Frameworks/CoreImage.framework/Versions/A/CoreImage
0x000000000c0f6000 	/System/Library/PrivateFrameworks/CrashReporterSupport.framework/Versions/A/CrashReporterSupport
0x000000000c0f6000 	/System/Library/Frameworks/OpenCL.framework/Versions/A/OpenCL
0x000000000c0f6000 	/System/Library/PrivateFrameworks/FaceCore.framework/Versions/A/FaceCore
0x000000000c0f6000 	/System/Library/PrivateFrameworks/Ubiquity.framework/Versions/A/Ubiquity
0x000000000c0f6000 	/System/Library/PrivateFrameworks/IconServices.framework/Versions/A/IconServices
0x000000000c0f6000 	/System/Library/PrivateFrameworks/ChunkingLibrary.framework/Versions/A/ChunkingLibrary
0x000000000c0f6000 	/System/Library/PrivateFrameworks/Apple80211.framework/Versions/A/Apple80211
0x000000000c0f6000 	/System/Library/Frameworks/CoreWLAN.framework/Versions/A/CoreWLAN
0x000000000c0f6000 	/System/Library/Frameworks/IOBluetooth.framework/Versions/A/IOBluetooth
0x000000000c0f6000 	/System/Library/PrivateFrameworks/CoreWiFi.framework/Versions/A/CoreWiFi
0x000000000c0f6000 	/System/Library/Frameworks/CoreBluetooth.framework/Versions/A/CoreBluetooth
0x000000000c0f6000 	/System/Library/PrivateFrameworks/DebugSymbols.framework/Versions/A/DebugSymbols
0x000000000c0f6000 	/System/Library/PrivateFrameworks/CoreSymbolication.framework/Versions/A/CoreSymbolication
0x000000000c0f6000 	/System/Library/PrivateFrameworks/Symbolication.framework/Versions/A/Symbolication
0x000000000c0f6000 	/System/Library/PrivateFrameworks/SpeechRecognitionCore.framework/Versions/A/SpeechRecognitionCore
0x00000001026ef000 	/Library/Java/JavaVirtualMachines/jdk1.8.0_25.jdk/Contents/Home/jre/lib/server/libjvm.dylib
0x000000000c0f6000 	/usr/lib/libstdc++.6.dylib
0x000000010370e000 	/Library/Java/JavaVirtualMachines/jdk1.8.0_25.jdk/Contents/Home/jre/lib/libverify.dylib
0x000000010371c000 	/Library/Java/JavaVirtualMachines/jdk1.8.0_25.jdk/Contents/Home/jre/lib/libjava.dylib
0x0000000103771000 	/Library/Java/JavaVirtualMachines/jdk1.8.0_25.jdk/Contents/Home/jre/lib/libzip.dylib
0x000000011a004000 	/System/Library/Frameworks/JavaVM.framework/Frameworks/JavaRuntimeSupport.framework/JavaRuntimeSupport
0x00000001037eb000 	/System/Library/Frameworks/JavaVM.framework/Versions/A/Frameworks/JavaNativeFoundation.framework/Versions/A/JavaNativeFoundation
0x000000011a01c000 	/System/Library/Frameworks/JavaVM.framework/Versions/A/JavaVM
0x000000000c0f6000 	/System/Library/Frameworks/Carbon.framework/Versions/A/Carbon
0x000000011a029000 	/System/Library/PrivateFrameworks/JavaLaunching.framework/Versions/A/JavaLaunching
0x000000000c0f6000 	/System/Library/Frameworks/Carbon.framework/Versions/A/Frameworks/CommonPanels.framework/Versions/A/CommonPanels
0x000000000c0f6000 	/System/Library/Frameworks/Carbon.framework/Versions/A/Frameworks/Help.framework/Versions/A/Help
0x000000000c0f6000 	/System/Library/Frameworks/Carbon.framework/Versions/A/Frameworks/ImageCapture.framework/Versions/A/ImageCapture
0x000000000c0f6000 	/System/Library/Frameworks/Carbon.framework/Versions/A/Frameworks/OpenScripting.framework/Versions/A/OpenScripting
0x000000000c0f6000 	/System/Library/Frameworks/Carbon.framework/Versions/A/Frameworks/Print.framework/Versions/A/Print
0x000000000c0f6000 	/System/Library/Frameworks/Carbon.framework/Versions/A/Frameworks/SecurityHI.framework/Versions/A/SecurityHI
0x000000011c166000 	/Library/Java/JavaVirtualMachines/jdk1.8.0_25.jdk/Contents/Home/jre/lib/libnet.dylib
0x000000011c17d000 	/Library/Java/JavaVirtualMachines/jdk1.8.0_25.jdk/Contents/Home/jre/lib/libnio.dylib
0x000000011cab4000 	/Library/Java/JavaVirtualMachines/jdk1.8.0_25.jdk/Contents/Home/jre/lib/libawt.dylib
0x000000011d1ee000 	/Library/Java/JavaVirtualMachines/jdk1.8.0_25.jdk/Contents/Home/jre/lib/./libmlib_image.dylib
0x000000011d404000 	/Library/Java/JavaVirtualMachines/jdk1.8.0_25.jdk/Contents/Home/jre/lib/libawt_lwawt.dylib
0x000000011c285000 	/Library/Java/JavaVirtualMachines/jdk1.8.0_25.jdk/Contents/Home/jre/lib/./libosxapp.dylib
0x000000000c0f6000 	/System/Library/Frameworks/ExceptionHandling.framework/Versions/A/ExceptionHandling
0x000000000c0f6000 	/System/Library/PrivateFrameworks/CoreServicesInternal.framework/Versions/A/CoreServicesInternal
0x000000000c0f6000 	/System/Library/PrivateFrameworks/CloudDocs.framework/Versions/A/CloudDocs
0x000000000c0f6000 	/System/Library/PrivateFrameworks/CoreDuet.framework/Versions/A/CoreDuet
0x000000000c0f6000 	/System/Library/Frameworks/CloudKit.framework/Versions/A/CloudKit
0x000000000c0f6000 	/System/Library/PrivateFrameworks/ProtocolBuffer.framework/Versions/A/ProtocolBuffer
0x000000000c0f6000 	/System/Library/PrivateFrameworks/CoreDuetDaemonProtocol.framework/Versions/A/CoreDuetDaemonProtocol
0x000000000c0f6000 	/System/Library/PrivateFrameworks/CoreDuetDebugLogging.framework/Versions/A/CoreDuetDebugLogging
0x000000000c0f6000 	/System/Library/PrivateFrameworks/MMCS.framework/Versions/A/MMCS
0x000000000c0f6000 	/System/Library/Frameworks/CoreLocation.framework/Versions/A/CoreLocation
0x000000000c0f6000 	/System/Library/PrivateFrameworks/ProtectedCloudStorage.framework/Versions/A/ProtectedCloudStorage
0x000000000c0f6000 	/System/Library/PrivateFrameworks/GeoServices.framework/Versions/A/GeoServices
0x000000000c0f6000 	/System/Library/Frameworks/CoreGraphics.framework/Versions/A/Resources/libCGCMS.A.dylib
0x000000000c0f6000 	/System/Library/Frameworks/CoreGraphics.framework/Versions/A/Resources/libRIP.A.dylib
0x000000000c0f6000 	/System/Library/Frameworks/CoreGraphics.framework/Versions/A/Resources/libCGXType.A.dylib
0x000000000c0f6000 	/System/Library/Frameworks/OpenCL.framework/Versions/A/Libraries/libcldcpuengine.dylib
0x000000000c0f6000 	/System/Library/PrivateFrameworks/DiskImages.framework/Versions/A/DiskImages
0x000000000c0f6000 	/System/Library/Frameworks/DiscRecording.framework/Versions/A/DiscRecording
0x000000000c0f6000 	/usr/lib/libcsfde.dylib
0x000000000c0f6000 	/usr/lib/libcurl.4.dylib
0x000000000c0f6000 	/System/Library/PrivateFrameworks/MediaKit.framework/Versions/A/MediaKit
0x000000000c0f6000 	/usr/lib/libCoreStorage.dylib
0x000000000c0f6000 	/System/Library/PrivateFrameworks/EFILogin.framework/Versions/A/EFILogin
0x000000000c0f6000 	/usr/lib/libutil.dylib
0x000000000c0f6000 	/System/Library/PrivateFrameworks/FindMyDevice.framework/Versions/A/FindMyDevice
0x000000000c0f6000 	/System/Library/Frameworks/LDAP.framework/Versions/A/LDAP
0x000000000c0f6000 	/usr/lib/libsasl2.2.dylib
0x000000000c0f6000 	/System/Library/PrivateFrameworks/CoreDaemon.framework/Versions/B/CoreDaemon
0x000000000c0f6000 	/usr/lib/libcrypto.0.9.8.dylib
0x000000000c0f6000 	/System/Library/PrivateFrameworks/AppleSRP.framework/Versions/A/AppleSRP
0x000000000c0f6000 	/System/Library/PrivateFrameworks/TrustEvaluationAgent.framework/Versions/A/TrustEvaluationAgent
0x000000011c381000 	cl_kernels
0x0000000120a0d000 	/System/Library/Frameworks/OpenCL.framework/Versions/A/Libraries/ImageFormats/unorm8_bgra.dylib
0x000000011c4ed000 	cl_kernels
0x000000000c0f6000 	/System/Library/PrivateFrameworks/FamilyControls.framework/Versions/A/FamilyControls
0x000000000c0f6000 	/System/Library/PrivateFrameworks/CommerceKit.framework/Versions/A/Frameworks/CommerceCore.framework/Versions/A/CommerceCore
0x000000000c0f6000 	/System/Library/PrivateFrameworks/SystemAdministration.framework/Versions/A/SystemAdministration
0x000000000c0f6000 	/System/Library/PrivateFrameworks/AppContainer.framework/Versions/A/AppContainer
0x000000000c0f6000 	/System/Library/PrivateFrameworks/SecCodeWrapper.framework/Versions/A/SecCodeWrapper
0x000000000c0f6000 	/System/Library/Frameworks/DirectoryService.framework/Versions/A/DirectoryService
0x000000000c0f6000 	/System/Library/PrivateFrameworks/LoginUIKit.framework/Versions/A/Frameworks/LoginUICore.framework/Versions/A/LoginUICore
0x000000000c0f6000 	/usr/lib/libodfde.dylib

VM Arguments:
jvm_args: -Dclassworlds.conf=/Applications/NetBeans/NetBeans 8.0.2.app/Contents/Resources/NetBeans/java/maven/bin/m2.conf -Dmaven.home=/Applications/NetBeans/NetBeans 8.0.2.app/Contents/Resources/NetBeans/java/maven 
java_command: org.codehaus.plexus.classworlds.launcher.Launcher -Dmaven.ext.class.path=/Applications/NetBeans/NetBeans 8.0.2.app/Contents/Resources/NetBeans/java/maven-nblib/netbeans-eventspy.jar --also-make --projects MavenEnterpriseApp-ear install
java_class_path (initial): /Applications/NetBeans/NetBeans 8.0.2.app/Contents/Resources/NetBeans/java/maven/boot/plexus-classworlds-2.4.jar
Launcher Type: SUN_STANDARD

Environment Variables:
JAVA_HOME=/Library/Java/JavaVirtualMachines/jdk1.8.0_25.jdk/Contents/Home
PATH=/usr/bin:/bin:/usr/sbin:/sbin
LD_LIBRARY_PATH=/Library/Java/JavaVirtualMachines/jdk1.8.0_25.jdk/Contents/Home/jre/lib/amd64:/Library/Java/JavaVirtualMachines/jdk1.8.0_25.jdk/Contents/Home/jre/lib/i386:
SHELL=/bin/bash
DYLD_LIBRARY_PATH=/Applications/NetBeans/NetBeans 8.0.2.app/Contents/Resources/NetBeans/webcommon/bin:

Signal Handlers:
SIGSEGV: [libjvm.dylib+0x579dc7], sa_mask[0]=11111111011111110111111111111111, sa_flags=SA_ONSTACK|SA_RESTART|SA_SIGINFO
SIGBUS: [libjvm.dylib+0x579dc7], sa_mask[0]=11111111011111110111111111111111, sa_flags=SA_RESTART|SA_SIGINFO
SIGFPE: [libjvm.dylib+0x45b030], sa_mask[0]=11111111011111110111111111111111, sa_flags=SA_RESTART|SA_SIGINFO
SIGPIPE: [libjvm.dylib+0x45b030], sa_mask[0]=11111111011111110111111111111111, sa_flags=SA_RESTART|SA_SIGINFO
SIGXFSZ: [libjvm.dylib+0x45b030], sa_mask[0]=11111111011111110111111111111111, sa_flags=SA_RESTART|SA_SIGINFO
SIGILL: [libjvm.dylib+0x45b030], sa_mask[0]=11111111011111110111111111111111, sa_flags=SA_RESTART|SA_SIGINFO
SIGUSR1: SIG_DFL, sa_mask[0]=00000000000000000000000000000000, sa_flags=none
SIGUSR2: [libjvm.dylib+0x45ab4e], sa_mask[0]=00100000000000000000000000000000, sa_flags=SA_RESTART|SA_SIGINFO
SIGHUP: [libjvm.dylib+0x459121], sa_mask[0]=11111111011111110111111111111111, sa_flags=SA_RESTART|SA_SIGINFO
SIGINT: SIG_IGN, sa_mask[0]=00000000000000000000000000000000, sa_flags=none
SIGTERM: [libjvm.dylib+0x459121], sa_mask[0]=11111111011111110111111111111111, sa_flags=SA_RESTART|SA_SIGINFO
SIGQUIT: [libjvm.dylib+0x459121], sa_mask[0]=11111111011111110111111111111111, sa_flags=SA_RESTART|SA_SIGINFO


---------------  S Y S T E M  ---------------

OS:Bsduname:Darwin 14.4.0 Darwin Kernel Version 14.4.0: Thu May 28 11:35:04 PDT 2015; root:xnu-2782.30.5~1/RELEASE_X86_64 x86_64
rlimit: STACK 8192k, CORE 0k, NPROC 709, NOFILE 10240, AS infinity
load average:2.39 2.07 2.05

CPU:total 4 (2 cores per cpu, 2 threads per core) family 6 model 42 stepping 7, cmov, cx8, fxsr, mmx, sse, sse2, sse3, ssse3, sse4.1, sse4.2, popcnt, avx, aes, clmul, ht, tsc, tscinvbit

Memory: 4k page, physical 8388608k(140664k free)

/proc/meminfo:


vm_info: Java HotSpot(TM) 64-Bit Server VM (25.25-b02) for bsd-amd64 JRE (1.8.0_25-b17), built on Sep 17 2014 16:56:50 by "java_re" with gcc 4.2.1 (Based on Apple Inc. build 5658) (LLVM build 2336.11.00)

time: Sat Sep  5 11:56:16 2015
elapsed time: 7 seconds (0d 0h 0m 7s)

