#
# A fatal error has been detected by the Java Runtime Environment:
#
#  SIGSEGV (0xb) at pc=0x000000010a199a2a, pid=1207, tid=9475
#
# JRE version: Java(TM) SE Runtime Environment (8.0_25-b17) (build 1.8.0_25-b17)
# Java VM: Java HotSpot(TM) 64-Bit Server VM (25.25-b02 mixed mode bsd-amd64 compressed oops)
# Problematic frame:
# V  [libjvm.dylib+0x2aba2a]
#
# Failed to write core dump. Core dumps have been disabled. To enable core dumping, try "ulimit -c unlimited" before starting Java again
#
# If you would like to submit a bug report, please visit:
#   http://bugreport.sun.com/bugreport/crash.jsp
#

---------------  T H R E A D  ---------------

Current thread (0x00007f856a00d800):  GCTaskThread [stack: 0x000000011b576000,0x000000011b676000] [id=9475]

siginfo: si_signo: 11 (SIGSEGV), si_code: 0 (unknown), si_addr: 0x0000000000000000

Registers:
RAX=0x000000011b678000, RBX=0x00007f8569f05330, RCX=0x03ffffffe3000000, RDX=0x1fffffff18000008
RSP=0x000000011b675c00, RBP=0x000000011b675c20, RSI=0x0000000797a2a7b4, RDI=0x00007f8569f05330
R8 =0x0000000000000af4, R9 =0x00000000000019a4, R10=0x1242008410250801, R11=0x0000100000000000
R12=0x0000000797a2a7b4, R13=0x0000000797a2a7cc, R14=0x0000000000000040, R15=0x00000007c0007f78
RIP=0x000000010a199a2a, EFLAGS=0x0000000000010206, ERR=0x0000000000000000
  TRAPNO=0x000000000000000d

Top of Stack: (sp=0x000000011b675c00)
0x000000011b675c00:   00007f8569f05330 00007f8569f05330
0x000000011b675c10:   00000007c0007f70 00000007c0007f78
0x000000011b675c20:   000000011b675c70 000000010a1966f3
0x000000011b675c30:   00007f8569f05330 0000000797a2a788
0x000000011b675c40:   0000000000000000 00007f8569f05330
0x000000011b675c50:   0000000797a2a788 000000010a4c0af9
0x000000011b675c60:   00007f8569f05338 000000010a6dfdd0
0x000000011b675c70:   000000011b675d00 000000010a37b078
0x000000011b675c80:   00007f8569f053b8 00007f8569f05370
0x000000011b675c90:   00007f8569f053b8 00007f8569f053f0
0x000000011b675ca0:   0000000000000000 0000000000000000
0x000000011b675cb0:   0000000797a2a788 00007f856b004000
0x000000011b675cc0:   0000000000000001 000000010a4c0a01
0x000000011b675cd0:   00007f856a00d800 00007f8569f05330
0x000000011b675ce0:   0000000000000000 000000010a4c0af9
0x000000011b675cf0:   00007f8569c20230 0000000000000001
0x000000011b675d00:   000000011b675db0 000000010a36e647
0x000000011b675d10:   00007f8569e0e440 000000010a770a00
0x000000011b675d20:   0000000000000000 000000011b675d60
0x000000011b675d30:   000000011b675d01 000000011b675d60
0x000000011b675d40:   000000010a770a80 000000010a326b00
0x000000011b675d50:   000000011b675d60 00007f8569e0c601
0x000000011b675d60:   000000010a776230 000000010a14fa00
0x000000011b675d70:   00007f8569f05330 00007f8569c1e3f0
0x000000011b675d80:   00007f8569c1e420 00007f8569c1e430
0x000000011b675d90:   00007f8569c1e808 00000000000003d8
0x000000011b675da0:   00007f856a00d800 00007f8569c20230
0x000000011b675db0:   000000011b675e90 000000010a14ff3d
0x000000011b675dc0:   000000011b675df0 00007f8569c1e3f0
0x000000011b675dd0:   00007f8569c1e420 00007f8569c1e430
0x000000011b675de0:   00007f8569c1e808 00000000000003d8
0x000000011b675df0:   00007f856a00d800 00007f8569c1e810 

Instructions: (pc=0x000000010a199a2a)
0x000000010a199a0a:   10 48 c1 ea 03 48 8d 0d 32 b1 52 00 8a 09 48 d3
0x000000010a199a1a:   ea 48 89 d1 48 83 e1 c0 48 c1 e9 03 48 8b 40 30
0x000000010a199a2a:   48 8b 04 08 48 0f a3 d0 72 5d 4c 89 f7 e8 64 1f
0x000000010a199a3a:   f2 ff 4c 63 f8 48 8d 3d 4a 19 5f 00 4c 89 f6 4c 

Register to memory mapping:

RAX=0x000000011b678000 is an unknown value
RBX=0x00007f8569f05330 is an unknown value
RCX=0x03ffffffe3000000 is an unknown value
RDX=0x1fffffff18000008 is an unknown value
RSP=0x000000011b675c00 is an unknown value
RBP=0x000000011b675c20 is an unknown value
RSI=0x0000000797a2a7b4 is an unknown value
RDI=0x00007f8569f05330 is an unknown value
R8 =0x0000000000000af4 is an unknown value
R9 =0x00000000000019a4 is an unknown value
R10=0x1242008410250801 is an unknown value
R11=0x0000100000000000 is an unknown value
R12=0x0000000797a2a7b4 is an unknown value
R13=0x0000000797a2a7cc is an unknown value
R14=0x0000000000000040 is an unknown value
R15=0x00000007c0007f78 is pointing into metadata


Stack: [0x000000011b576000,0x000000011b676000],  sp=0x000000011b675c00,  free space=1023k
Native frames: (J=compiled Java code, j=interpreted, Vv=VM code, C=native code)
V  [libjvm.dylib+0x2aba2a]
V  [libjvm.dylib+0x2a86f3]
V  [libjvm.dylib+0x48d078]
V  [libjvm.dylib+0x480647]
V  [libjvm.dylib+0x261f3d]
V  [libjvm.dylib+0x45d87e]
C  [libsystem_pthread.dylib+0x3268]  _pthread_body+0x83
C  [libsystem_pthread.dylib+0x31e5]  _pthread_body+0x0
C  [libsystem_pthread.dylib+0x141d]  thread_start+0xd


---------------  P R O C E S S  ---------------

Java Threads: ( => current thread )
  0x00007f856b27d000 JavaThread "process reaper" daemon [_thread_blocked, id=19203, stack(0x0000000123fc8000,0x0000000123ff0000)]
  0x00007f856b83e000 JavaThread "Service Thread" daemon [_thread_blocked, id=18179, stack(0x000000012351e000,0x000000012361e000)]
  0x00007f856a036800 JavaThread "C1 CompilerThread2" daemon [_thread_blocked, id=17667, stack(0x000000012341b000,0x000000012351b000)]
  0x00007f856a035800 JavaThread "C2 CompilerThread1" daemon [_thread_blocked, id=17155, stack(0x0000000123318000,0x0000000123418000)]
  0x00007f856a00c000 JavaThread "C2 CompilerThread0" daemon [_thread_blocked, id=16643, stack(0x0000000123215000,0x0000000123315000)]
  0x00007f856b00f000 JavaThread "Signal Dispatcher" daemon [_thread_blocked, id=13335, stack(0x0000000123112000,0x0000000123212000)]
  0x00007f856a802000 JavaThread "Finalizer" daemon [_thread_blocked, id=11011, stack(0x0000000121702000,0x0000000121802000)]
  0x00007f856b833800 JavaThread "Reference Handler" daemon [_thread_blocked, id=10499, stack(0x00000001215ff000,0x00000001216ff000)]
  0x00007f856b004000 JavaThread "main" [_thread_blocked, id=3331, stack(0x000000010ae0b000,0x000000010af0b000)]

Other Threads:
  0x00007f856b82f000 VMThread [stack: 0x00000001214fc000,0x00000001215fc000] [id=9987]
  0x00007f856a807000 WatcherThread [stack: 0x0000000123621000,0x0000000123721000] [id=18691]

=>0x00007f856a00d800 (exited) GCTaskThread [stack: 0x000000011b576000,0x000000011b676000] [id=9475]

VM state:at safepoint (normal execution)

VM Mutex/Monitor currently owned by a thread:  ([mutex/lock_event])
[0x00007f8569e02b30] Threads_lock - owner thread: 0x00007f856b82f000
[0x00007f8569e03030] Heap_lock - owner thread: 0x00007f856b004000

Heap:
 PSYoungGen      total 38400K, used 5120K [0x0000000795580000, 0x0000000799c00000, 0x00000007c0000000)
  eden space 33280K, 0% used [0x0000000795580000,0x0000000795580000,0x0000000797600000)
  from space 5120K, 100% used [0x0000000797600000,0x0000000797b00000,0x0000000797b00000)
  to   space 5120K, 0% used [0x0000000799700000,0x0000000799700000,0x0000000799c00000)
 ParOldGen       total 87552K, used 3186K [0x0000000740000000, 0x0000000745580000, 0x0000000795580000)
  object space 87552K, 3% used [0x0000000740000000,0x000000074031ca88,0x0000000745580000)
 Metaspace       used 14748K, capacity 15166K, committed 15232K, reserved 1062912K
  class space    used 1781K, capacity 1912K, committed 1920K, reserved 1048576K

Card table byte_map: [0x000000011abc0000,0x000000011afc1000] byte_map_base: 0x00000001171c0000

Marking Bits: (ParMarkBitMap*) 0x000000010a78b390
 Begin Bits: [0x000000011b678000, 0x000000011d678000)
 End Bits:   [0x000000011d678000, 0x000000011f678000)

Polling page: 0x000000010af4f000

CodeCache: size=245760Kb used=6983Kb max_used=6988Kb free=238776Kb
 bounds [0x000000010b800000, 0x000000010bee0000, 0x000000011a800000]
 total_blobs=2613 nmethods=2283 adapters=244
 compilation: enabled

Compilation events (10 events):
Event: 4.266 Thread 0x00007f856a035800 nmethod 2286 0x000000010becb890 code [0x000000010becba00, 0x000000010becbd58]
Event: 4.266 Thread 0x00007f856a036800 nmethod 2290 0x000000010bece6d0 code [0x000000010bece880, 0x000000010becedb8]
Event: 4.266 Thread 0x00007f856a036800 2291       3       java.io.Reader::<init> (15 bytes)
Event: 4.267 Thread 0x00007f856a036800 nmethod 2291 0x000000010bece2d0 code [0x000000010bece440, 0x000000010bece610]
Event: 4.267 Thread 0x00007f856a036800 2292       3       java.io.Writer::write (11 bytes)
Event: 4.267 Thread 0x00007f856a036800 nmethod 2292 0x000000010becdd10 code [0x000000010becde80, 0x000000010bece188]
Event: 4.270 Thread 0x00007f856a036800 2293       1       org.apache.maven.lifecycle.internal.DefaultExecutionEvent::getType (5 bytes)
Event: 4.270 Thread 0x00007f856a036800 nmethod 2293 0x000000010bec1490 code [0x000000010bec15e0, 0x000000010bec16f0]
Event: 4.271 Thread 0x00007f856a036800 2294       3       java.lang.Long::<init> (10 bytes)
Event: 4.271 Thread 0x00007f856a036800 nmethod 2294 0x000000010becd890 code [0x000000010becda00, 0x000000010becdc10]

GC Heap History (10 events):
Event: 0.820 GC heap after
Heap after GC invocations=1 (full 0):
 PSYoungGen      total 38400K, used 3956K [0x0000000795580000, 0x0000000798000000, 0x00000007c0000000)
  eden space 33280K, 0% used [0x0000000795580000,0x0000000795580000,0x0000000797600000)
  from space 5120K, 77% used [0x0000000797600000,0x00000007979dd2f0,0x0000000797b00000)
  to   space 5120K, 0% used [0x0000000797b00000,0x0000000797b00000,0x0000000798000000)
 ParOldGen       total 87552K, used 8K [0x0000000740000000, 0x0000000745580000, 0x0000000795580000)
  object space 87552K, 0% used [0x0000000740000000,0x0000000740002000,0x0000000745580000)
 Metaspace       used 6978K, capacity 7132K, committed 7424K, reserved 1056768K
  class space    used 875K, capacity 952K, committed 1024K, reserved 1048576K
}
Event: 1.481 GC heap before
{Heap before GC invocations=2 (full 0):
 PSYoungGen      total 38400K, used 37236K [0x0000000795580000, 0x0000000798000000, 0x00000007c0000000)
  eden space 33280K, 100% used [0x0000000795580000,0x0000000797600000,0x0000000797600000)
  from space 5120K, 77% used [0x0000000797600000,0x00000007979dd2f0,0x0000000797b00000)
  to   space 5120K, 0% used [0x0000000797b00000,0x0000000797b00000,0x0000000798000000)
 ParOldGen       total 87552K, used 8K [0x0000000740000000, 0x0000000745580000, 0x0000000795580000)
  object space 87552K, 0% used [0x0000000740000000,0x0000000740002000,0x0000000745580000)
 Metaspace       used 10492K, capacity 10594K, committed 10880K, reserved 1058816K
  class space    used 1318K, capacity 1374K, committed 1408K, reserved 1048576K
Event: 1.489 GC heap after
Heap after GC invocations=2 (full 0):
 PSYoungGen      total 38400K, used 5094K [0x0000000795580000, 0x0000000798000000, 0x00000007c0000000)
  eden space 33280K, 0% used [0x0000000795580000,0x0000000795580000,0x0000000797600000)
  from space 5120K, 99% used [0x0000000797b00000,0x0000000797ff9858,0x0000000798000000)
  to   space 5120K, 0% used [0x0000000797600000,0x0000000797600000,0x0000000797b00000)
 ParOldGen       total 87552K, used 417K [0x0000000740000000, 0x0000000745580000, 0x0000000795580000)
  object space 87552K, 0% used [0x0000000740000000,0x0000000740068738,0x0000000745580000)
 Metaspace       used 10492K, capacity 10594K, committed 10880K, reserved 1058816K
  class space    used 1318K, capacity 1374K, committed 1408K, reserved 1048576K
}
Event: 2.327 GC heap before
{Heap before GC invocations=3 (full 0):
 PSYoungGen      total 38400K, used 38374K [0x0000000795580000, 0x0000000798000000, 0x00000007c0000000)
  eden space 33280K, 100% used [0x0000000795580000,0x0000000797600000,0x0000000797600000)
  from space 5120K, 99% used [0x0000000797b00000,0x0000000797ff9858,0x0000000798000000)
  to   space 5120K, 0% used [0x0000000797600000,0x0000000797600000,0x0000000797b00000)
 ParOldGen       total 87552K, used 417K [0x0000000740000000, 0x0000000745580000, 0x0000000795580000)
  object space 87552K, 0% used [0x0000000740000000,0x0000000740068738,0x0000000745580000)
 Metaspace       used 12976K, capacity 13234K, committed 13440K, reserved 1060864K
  class space    used 1596K, capacity 1656K, committed 1664K, reserved 1048576K
Event: 2.337 GC heap after
Heap after GC invocations=3 (full 0):
 PSYoungGen      total 38400K, used 5104K [0x0000000795580000, 0x000000079a080000, 0x00000007c0000000)
  eden space 33280K, 0% used [0x0000000795580000,0x0000000795580000,0x0000000797600000)
  from space 5120K, 99% used [0x0000000797600000,0x0000000797afc0a8,0x0000000797b00000)
  to   space 5120K, 0% used [0x0000000799b80000,0x0000000799b80000,0x000000079a080000)
 ParOldGen       total 87552K, used 1368K [0x0000000740000000, 0x0000000745580000, 0x0000000795580000)
  object space 87552K, 1% used [0x0000000740000000,0x00000007401560c0,0x0000000745580000)
 Metaspace       used 12976K, capacity 13234K, committed 13440K, reserved 1060864K
  class space    used 1596K, capacity 1656K, committed 1664K, reserved 1048576K
}
Event: 4.064 GC heap before
{Heap before GC invocations=4 (full 0):
 PSYoungGen      total 38400K, used 38384K [0x0000000795580000, 0x000000079a080000, 0x00000007c0000000)
  eden space 33280K, 100% used [0x0000000795580000,0x0000000797600000,0x0000000797600000)
  from space 5120K, 99% used [0x0000000797600000,0x0000000797afc0a8,0x0000000797b00000)
  to   space 5120K, 0% used [0x0000000799b80000,0x0000000799b80000,0x000000079a080000)
 ParOldGen       total 87552K, used 1368K [0x0000000740000000, 0x0000000745580000, 0x0000000795580000)
  object space 87552K, 1% used [0x0000000740000000,0x00000007401560c0,0x0000000745580000)
 Metaspace       used 14580K, capacity 15034K, committed 15232K, reserved 1062912K
  class space    used 1758K, capacity 1844K, committed 1920K, reserved 1048576K
Event: 4.079 GC heap after
Heap after GC invocations=4 (full 0):
 PSYoungGen      total 38400K, used 5104K [0x0000000795580000, 0x000000079a080000, 0x00000007c0000000)
  eden space 33280K, 0% used [0x0000000795580000,0x0000000795580000,0x0000000797600000)
  from space 5120K, 99% used [0x0000000799b80000,0x000000079a07c010,0x000000079a080000)
  to   space 5120K, 0% used [0x0000000797600000,0x0000000797600000,0x0000000797b00000)
 ParOldGen       total 87552K, used 3035K [0x0000000740000000, 0x0000000745580000, 0x0000000795580000)
  object space 87552K, 3% used [0x0000000740000000,0x00000007402f6c00,0x0000000745580000)
 Metaspace       used 14580K, capacity 15034K, committed 15232K, reserved 1062912K
  class space    used 1758K, capacity 1844K, committed 1920K, reserved 1048576K
}
Event: 4.271 GC heap before
{Heap before GC invocations=5 (full 0):
 PSYoungGen      total 38400K, used 7975K [0x0000000795580000, 0x000000079a080000, 0x00000007c0000000)
  eden space 33280K, 8% used [0x0000000795580000,0x000000079584deb0,0x0000000797600000)
  from space 5120K, 99% used [0x0000000799b80000,0x000000079a07c010,0x000000079a080000)
  to   space 5120K, 0% used [0x0000000797600000,0x0000000797600000,0x0000000797b00000)
 ParOldGen       total 87552K, used 3035K [0x0000000740000000, 0x0000000745580000, 0x0000000795580000)
  object space 87552K, 3% used [0x0000000740000000,0x00000007402f6c00,0x0000000745580000)
 Metaspace       used 14748K, capacity 15166K, committed 15232K, reserved 1062912K
  class space    used 1781K, capacity 1912K, committed 1920K, reserved 1048576K
Event: 4.280 GC heap after
Heap after GC invocations=5 (full 0):
 PSYoungGen      total 38400K, used 5120K [0x0000000795580000, 0x0000000799c00000, 0x00000007c0000000)
  eden space 33280K, 0% used [0x0000000795580000,0x0000000795580000,0x0000000797600000)
  from space 5120K, 100% used [0x0000000797600000,0x0000000797b00000,0x0000000797b00000)
  to   space 5120K, 0% used [0x0000000799700000,0x0000000799700000,0x0000000799c00000)
 ParOldGen       total 87552K, used 3186K [0x0000000740000000, 0x0000000745580000, 0x0000000795580000)
  object space 87552K, 3% used [0x0000000740000000,0x000000074031ca88,0x0000000745580000)
 Metaspace       used 14748K, capacity 15166K, committed 15232K, reserved 1062912K
  class space    used 1781K, capacity 1912K, committed 1920K, reserved 1048576K
}
Event: 4.280 GC heap before
{Heap before GC invocations=6 (full 1):
 PSYoungGen      total 38400K, used 5120K [0x0000000795580000, 0x0000000799c00000, 0x00000007c0000000)
  eden space 33280K, 0% used [0x0000000795580000,0x0000000795580000,0x0000000797600000)
  from space 5120K, 100% used [0x0000000797600000,0x0000000797b00000,0x0000000797b00000)
  to   space 5120K, 0% used [0x0000000799700000,0x0000000799700000,0x0000000799c00000)
 ParOldGen       total 87552K, used 3186K [0x0000000740000000, 0x0000000745580000, 0x0000000795580000)
  object space 87552K, 3% used [0x0000000740000000,0x000000074031ca88,0x0000000745580000)
 Metaspace       used 14748K, capacity 15166K, committed 15232K, reserved 1062912K
  class space    used 1781K, capacity 1912K, committed 1920K, reserved 1048576K

Deoptimization events (10 events):
Event: 3.316 Thread 0x00007f856b004000 Uncommon trap: reason=class_check action=maybe_recompile pc=0x000000010be08444 method=java.util.Hashtable.put(Ljava/lang/Object;Ljava/lang/Object;)Ljava/lang/Object; @ 18
Event: 3.748 Thread 0x00007f856b004000 Uncommon trap: reason=class_check action=maybe_recompile pc=0x000000010be2c9a0 method=java.util.Hashtable.addEntry(ILjava/lang/Object;Ljava/lang/Object;I)V @ 38
Event: 4.013 Thread 0x00007f856b004000 Uncommon trap: reason=class_check action=maybe_recompile pc=0x000000010be47538 method=java.util.Hashtable.get(Ljava/lang/Object;)Ljava/lang/Object; @ 6
Event: 4.013 Thread 0x00007f856b004000 Uncommon trap: reason=class_check action=maybe_recompile pc=0x000000010be47538 method=java.util.Hashtable.get(Ljava/lang/Object;)Ljava/lang/Object; @ 6
Event: 4.013 Thread 0x00007f856b004000 Uncommon trap: reason=class_check action=maybe_recompile pc=0x000000010be47538 method=java.util.Hashtable.get(Ljava/lang/Object;)Ljava/lang/Object; @ 6
Event: 4.014 Thread 0x00007f856b004000 Uncommon trap: reason=class_check action=maybe_recompile pc=0x000000010be47538 method=java.util.Hashtable.get(Ljava/lang/Object;)Ljava/lang/Object; @ 6
Event: 4.271 Thread 0x00007f856b004000 Uncommon trap: reason=bimorphic action=maybe_recompile pc=0x000000010be40224 method=java.util.regex.Pattern$BmpCharProperty.match(Ljava/util/regex/Matcher;ILjava/lang/CharSequence;)Z @ 16
Event: 4.271 Thread 0x00007f856b004000 Uncommon trap: reason=bimorphic action=maybe_recompile pc=0x000000010be40224 method=java.util.regex.Pattern$BmpCharProperty.match(Ljava/util/regex/Matcher;ILjava/lang/CharSequence;)Z @ 16
Event: 4.271 Thread 0x00007f856b004000 Uncommon trap: reason=bimorphic action=maybe_recompile pc=0x000000010be40224 method=java.util.regex.Pattern$BmpCharProperty.match(Ljava/util/regex/Matcher;ILjava/lang/CharSequence;)Z @ 16
Event: 4.271 Thread 0x00007f856b004000 Uncommon trap: reason=bimorphic action=maybe_recompile pc=0x000000010be40224 method=java.util.regex.Pattern$BmpCharProperty.match(Ljava/util/regex/Matcher;ILjava/lang/CharSequence;)Z @ 16

Internal exceptions (10 events):
Event: 4.261 Thread 0x00007f856b004000 Exception <a 'java/security/PrivilegedActionException'> (0x0000000795751620) thrown at [/HUDSON3/workspace/8-2-build-macosx-x86_64/jdk8u25/1514/hotspot/src/share/vm/prims/jvm.cpp, line 1312]
Event: 4.261 Thread 0x00007f856b004000 Exception <a 'java/security/PrivilegedActionException'> (0x0000000795752058) thrown at [/HUDSON3/workspace/8-2-build-macosx-x86_64/jdk8u25/1514/hotspot/src/share/vm/prims/jvm.cpp, line 1312]
Event: 4.265 Thread 0x00007f856b004000 Exception <a 'java/security/PrivilegedActionException'> (0x0000000795765320) thrown at [/HUDSON3/workspace/8-2-build-macosx-x86_64/jdk8u25/1514/hotspot/src/share/vm/prims/jvm.cpp, line 1312]
Event: 4.265 Thread 0x00007f856b004000 Exception <a 'java/security/PrivilegedActionException'> (0x0000000795765cb8) thrown at [/HUDSON3/workspace/8-2-build-macosx-x86_64/jdk8u25/1514/hotspot/src/share/vm/prims/jvm.cpp, line 1312]
Event: 4.268 Thread 0x00007f856b004000 Exception <a 'java/security/PrivilegedActionException'> (0x00000007957938a0) thrown at [/HUDSON3/workspace/8-2-build-macosx-x86_64/jdk8u25/1514/hotspot/src/share/vm/prims/jvm.cpp, line 1312]
Event: 4.268 Thread 0x00007f856b004000 Exception <a 'java/security/PrivilegedActionException'> (0x0000000795794008) thrown at [/HUDSON3/workspace/8-2-build-macosx-x86_64/jdk8u25/1514/hotspot/src/share/vm/prims/jvm.cpp, line 1312]
Event: 4.268 Thread 0x00007f856b004000 Exception <a 'java/security/PrivilegedActionException'> (0x000000079579b1a0) thrown at [/HUDSON3/workspace/8-2-build-macosx-x86_64/jdk8u25/1514/hotspot/src/share/vm/prims/jvm.cpp, line 1312]
Event: 4.268 Thread 0x00007f856b004000 Exception <a 'java/security/PrivilegedActionException'> (0x000000079579bbd8) thrown at [/HUDSON3/workspace/8-2-build-macosx-x86_64/jdk8u25/1514/hotspot/src/share/vm/prims/jvm.cpp, line 1312]
Event: 4.269 Thread 0x00007f856b004000 Exception <a 'java/security/PrivilegedActionException'> (0x00000007957a96c0) thrown at [/HUDSON3/workspace/8-2-build-macosx-x86_64/jdk8u25/1514/hotspot/src/share/vm/prims/jvm.cpp, line 1312]
Event: 4.269 Thread 0x00007f856b004000 Exception <a 'java/security/PrivilegedActionException'> (0x00000007957a9dd8) thrown at [/HUDSON3/workspace/8-2-build-macosx-x86_64/jdk8u25/1514/hotspot/src/share/vm/prims/jvm.cpp, line 1312]

Events (10 events):
Event: 4.271 Thread 0x00007f856b004000 Uncommon trap: trap_request=0xffffffc6 fr.pc=0x000000010be40224
Event: 4.271 Thread 0x00007f856b004000 DEOPT PACKING pc=0x000000010be40224 sp=0x000000010af08d90
Event: 4.271 Thread 0x00007f856b004000 DEOPT UNPACKING pc=0x000000010b804f69 sp=0x000000010af08d60 mode 2
Event: 4.271 Thread 0x00007f856b004000 Uncommon trap: trap_request=0xffffffc6 fr.pc=0x000000010be40224
Event: 4.271 Thread 0x00007f856b004000 DEOPT PACKING pc=0x000000010be40224 sp=0x000000010af09010
Event: 4.271 Thread 0x00007f856b004000 DEOPT UNPACKING pc=0x000000010b804f69 sp=0x000000010af08fe0 mode 2
Event: 4.271 Thread 0x00007f856b004000 Uncommon trap: trap_request=0xffffffc6 fr.pc=0x000000010be40224
Event: 4.271 Thread 0x00007f856b004000 DEOPT PACKING pc=0x000000010be40224 sp=0x000000010af09010
Event: 4.271 Thread 0x00007f856b004000 DEOPT UNPACKING pc=0x000000010b804f69 sp=0x000000010af08fe0 mode 2
Event: 4.271 Executing VM operation: ParallelGCSystemGC


Dynamic libraries:
0x000000000c0f6000 	/System/Library/Frameworks/Cocoa.framework/Versions/A/Cocoa
0x000000000c0f6000 	/System/Library/Frameworks/Security.framework/Versions/A/Security
0x000000000c0f6000 	/System/Library/Frameworks/ApplicationServices.framework/Versions/A/ApplicationServices
0x000000000c0f6000 	/usr/lib/libz.1.dylib
0x000000000c0f6000 	/usr/lib/libSystem.B.dylib
0x000000000c0f6000 	/usr/lib/libobjc.A.dylib
0x000000000c0f6000 	/System/Library/Frameworks/CoreFoundation.framework/Versions/A/CoreFoundation
0x000000000c0f6000 	/System/Library/Frameworks/Foundation.framework/Versions/C/Foundation
0x000000000c0f6000 	/System/Library/Frameworks/AppKit.framework/Versions/C/AppKit
0x000000000c0f6000 	/System/Library/Frameworks/CoreData.framework/Versions/A/CoreData
0x000000000c0f6000 	/System/Library/PrivateFrameworks/RemoteViewServices.framework/Versions/A/RemoteViewServices
0x000000000c0f6000 	/System/Library/PrivateFrameworks/UIFoundation.framework/Versions/A/UIFoundation
0x000000000c0f6000 	/System/Library/Frameworks/IOSurface.framework/Versions/A/IOSurface
0x000000000c0f6000 	/System/Library/Frameworks/AudioToolbox.framework/Versions/A/AudioToolbox
0x000000000c0f6000 	/System/Library/Frameworks/AudioUnit.framework/Versions/A/AudioUnit
0x000000000c0f6000 	/System/Library/PrivateFrameworks/DataDetectorsCore.framework/Versions/A/DataDetectorsCore
0x000000000c0f6000 	/System/Library/PrivateFrameworks/DesktopServicesPriv.framework/Versions/A/DesktopServicesPriv
0x000000000c0f6000 	/System/Library/Frameworks/Carbon.framework/Versions/A/Frameworks/HIToolbox.framework/Versions/A/HIToolbox
0x000000000c0f6000 	/System/Library/Frameworks/QuartzCore.framework/Versions/A/QuartzCore
0x000000000c0f6000 	/System/Library/Frameworks/Carbon.framework/Versions/A/Frameworks/SpeechRecognition.framework/Versions/A/SpeechRecognition
0x000000000c0f6000 	/usr/lib/libauto.dylib
0x000000000c0f6000 	/usr/lib/libicucore.A.dylib
0x000000000c0f6000 	/usr/lib/libxml2.2.dylib
0x000000000c0f6000 	/System/Library/PrivateFrameworks/CoreUI.framework/Versions/A/CoreUI
0x000000000c0f6000 	/System/Library/Frameworks/CoreAudio.framework/Versions/A/CoreAudio
0x000000000c0f6000 	/System/Library/Frameworks/DiskArbitration.framework/Versions/A/DiskArbitration
0x000000000c0f6000 	/usr/lib/liblangid.dylib
0x000000000c0f6000 	/System/Library/PrivateFrameworks/MultitouchSupport.framework/Versions/A/MultitouchSupport
0x000000000c0f6000 	/System/Library/Frameworks/IOKit.framework/Versions/A/IOKit
0x000000000c0f6000 	/usr/lib/libDiagnosticMessagesClient.dylib
0x000000000c0f6000 	/System/Library/Frameworks/CoreServices.framework/Versions/A/CoreServices
0x000000000c0f6000 	/System/Library/PrivateFrameworks/PerformanceAnalysis.framework/Versions/A/PerformanceAnalysis
0x000000000c0f6000 	/System/Library/PrivateFrameworks/GenerationalStorage.framework/Versions/A/GenerationalStorage
0x000000000c0f6000 	/System/Library/Frameworks/OpenGL.framework/Versions/A/OpenGL
0x000000000c0f6000 	/System/Library/PrivateFrameworks/Sharing.framework/Versions/A/Sharing
0x000000000c0f6000 	/System/Library/Frameworks/CoreGraphics.framework/Versions/A/CoreGraphics
0x000000000c0f6000 	/System/Library/Frameworks/CoreText.framework/Versions/A/CoreText
0x000000000c0f6000 	/System/Library/Frameworks/ImageIO.framework/Versions/A/ImageIO
0x000000000c0f6000 	/usr/lib/libextension.dylib
0x000000000c0f6000 	/System/Library/PrivateFrameworks/Backup.framework/Versions/A/Backup
0x000000000c0f6000 	/usr/lib/libarchive.2.dylib
0x000000000c0f6000 	/System/Library/Frameworks/CFNetwork.framework/Versions/A/CFNetwork
0x000000000c0f6000 	/System/Library/Frameworks/SystemConfiguration.framework/Versions/A/SystemConfiguration
0x000000000c0f6000 	/usr/lib/libCRFSuite.dylib
0x000000000c0f6000 	/usr/lib/libc++.1.dylib
0x000000000c0f6000 	/usr/lib/libc++abi.dylib
0x000000000c0f6000 	/usr/lib/system/libcache.dylib
0x000000000c0f6000 	/usr/lib/system/libcommonCrypto.dylib
0x000000000c0f6000 	/usr/lib/system/libcompiler_rt.dylib
0x000000000c0f6000 	/usr/lib/system/libcopyfile.dylib
0x000000000c0f6000 	/usr/lib/system/libcorecrypto.dylib
0x000000000c0f6000 	/usr/lib/system/libdispatch.dylib
0x000000000c0f6000 	/usr/lib/system/libdyld.dylib
0x000000000c0f6000 	/usr/lib/system/libkeymgr.dylib
0x000000000c0f6000 	/usr/lib/system/liblaunch.dylib
0x000000000c0f6000 	/usr/lib/system/libmacho.dylib
0x000000000c0f6000 	/usr/lib/system/libquarantine.dylib
0x000000000c0f6000 	/usr/lib/system/libremovefile.dylib
0x000000000c0f6000 	/usr/lib/system/libsystem_asl.dylib
0x000000000c0f6000 	/usr/lib/system/libsystem_blocks.dylib
0x000000000c0f6000 	/usr/lib/system/libsystem_c.dylib
0x000000000c0f6000 	/usr/lib/system/libsystem_configuration.dylib
0x000000000c0f6000 	/usr/lib/system/libsystem_coreservices.dylib
0x000000000c0f6000 	/usr/lib/system/libsystem_coretls.dylib
0x000000000c0f6000 	/usr/lib/system/libsystem_dnssd.dylib
0x000000000c0f6000 	/usr/lib/system/libsystem_info.dylib
0x000000000c0f6000 	/usr/lib/system/libsystem_kernel.dylib
0x000000000c0f6000 	/usr/lib/system/libsystem_m.dylib
0x000000000c0f6000 	/usr/lib/system/libsystem_malloc.dylib
0x000000000c0f6000 	/usr/lib/system/libsystem_network.dylib
0x000000000c0f6000 	/usr/lib/system/libsystem_networkextension.dylib
0x000000000c0f6000 	/usr/lib/system/libsystem_notify.dylib
0x000000000c0f6000 	/usr/lib/system/libsystem_platform.dylib
0x000000000c0f6000 	/usr/lib/system/libsystem_pthread.dylib
0x000000000c0f6000 	/usr/lib/system/libsystem_sandbox.dylib
0x000000000c0f6000 	/usr/lib/system/libsystem_secinit.dylib
0x000000000c0f6000 	/usr/lib/system/libsystem_stats.dylib
0x000000000c0f6000 	/usr/lib/system/libsystem_trace.dylib
0x000000000c0f6000 	/usr/lib/system/libunc.dylib
0x000000000c0f6000 	/usr/lib/system/libunwind.dylib
0x000000000c0f6000 	/usr/lib/system/libxpc.dylib
0x000000000c0f6000 	/usr/lib/libbz2.1.0.dylib
0x000000000c0f6000 	/usr/lib/liblzma.5.dylib
0x000000000c0f6000 	/usr/lib/libbsm.0.dylib
0x000000000c0f6000 	/usr/lib/libsqlite3.dylib
0x000000000c0f6000 	/usr/lib/system/libkxld.dylib
0x000000000c0f6000 	/usr/lib/libxar.1.dylib
0x000000000c0f6000 	/usr/lib/libpam.2.dylib
0x000000000c0f6000 	/usr/lib/libOpenScriptingUtil.dylib
0x000000000c0f6000 	/System/Library/Frameworks/CoreServices.framework/Versions/A/Frameworks/FSEvents.framework/Versions/A/FSEvents
0x000000000c0f6000 	/System/Library/Frameworks/CoreServices.framework/Versions/A/Frameworks/CarbonCore.framework/Versions/A/CarbonCore
0x000000000c0f6000 	/System/Library/Frameworks/CoreServices.framework/Versions/A/Frameworks/Metadata.framework/Versions/A/Metadata
0x000000000c0f6000 	/System/Library/Frameworks/CoreServices.framework/Versions/A/Frameworks/OSServices.framework/Versions/A/OSServices
0x000000000c0f6000 	/System/Library/Frameworks/CoreServices.framework/Versions/A/Frameworks/SearchKit.framework/Versions/A/SearchKit
0x000000000c0f6000 	/System/Library/Frameworks/CoreServices.framework/Versions/A/Frameworks/AE.framework/Versions/A/AE
0x000000000c0f6000 	/System/Library/Frameworks/CoreServices.framework/Versions/A/Frameworks/LaunchServices.framework/Versions/A/LaunchServices
0x000000000c0f6000 	/System/Library/Frameworks/CoreServices.framework/Versions/A/Frameworks/DictionaryServices.framework/Versions/A/DictionaryServices
0x000000000c0f6000 	/System/Library/Frameworks/NetFS.framework/Versions/A/NetFS
0x000000000c0f6000 	/System/Library/PrivateFrameworks/NetAuth.framework/Versions/A/NetAuth
0x000000000c0f6000 	/System/Library/PrivateFrameworks/login.framework/Versions/A/Frameworks/loginsupport.framework/Versions/A/loginsupport
0x000000000c0f6000 	/System/Library/PrivateFrameworks/TCC.framework/Versions/A/TCC
0x000000000c0f6000 	/usr/lib/libmecabra.dylib
0x000000000c0f6000 	/System/Library/Frameworks/ApplicationServices.framework/Versions/A/Frameworks/ATS.framework/Versions/A/ATS
0x000000000c0f6000 	/System/Library/Frameworks/ApplicationServices.framework/Versions/A/Frameworks/ColorSync.framework/Versions/A/ColorSync
0x000000000c0f6000 	/System/Library/Frameworks/ApplicationServices.framework/Versions/A/Frameworks/HIServices.framework/Versions/A/HIServices
0x000000000c0f6000 	/System/Library/Frameworks/ApplicationServices.framework/Versions/A/Frameworks/LangAnalysis.framework/Versions/A/LangAnalysis
0x000000000c0f6000 	/System/Library/Frameworks/ApplicationServices.framework/Versions/A/Frameworks/PrintCore.framework/Versions/A/PrintCore
0x000000000c0f6000 	/System/Library/Frameworks/ApplicationServices.framework/Versions/A/Frameworks/QD.framework/Versions/A/QD
0x000000000c0f6000 	/System/Library/Frameworks/ApplicationServices.framework/Versions/A/Frameworks/SpeechSynthesis.framework/Versions/A/SpeechSynthesis
0x000000000c0f6000 	/System/Library/Frameworks/Accelerate.framework/Versions/A/Accelerate
0x000000000c0f6000 	/System/Library/Frameworks/Accelerate.framework/Versions/A/Frameworks/vImage.framework/Versions/A/vImage
0x000000000c0f6000 	/System/Library/Frameworks/Accelerate.framework/Versions/A/Frameworks/vecLib.framework/Versions/A/vecLib
0x000000000c0f6000 	/System/Library/Frameworks/Accelerate.framework/Versions/A/Frameworks/vecLib.framework/Versions/A/libvDSP.dylib
0x000000000c0f6000 	/System/Library/Frameworks/Accelerate.framework/Versions/A/Frameworks/vecLib.framework/Versions/A/libvMisc.dylib
0x000000000c0f6000 	/System/Library/Frameworks/Accelerate.framework/Versions/A/Frameworks/vecLib.framework/Versions/A/libLAPACK.dylib
0x000000000c0f6000 	/System/Library/Frameworks/Accelerate.framework/Versions/A/Frameworks/vecLib.framework/Versions/A/libBLAS.dylib
0x000000000c0f6000 	/System/Library/Frameworks/Accelerate.framework/Versions/A/Frameworks/vecLib.framework/Versions/A/libLinearAlgebra.dylib
0x000000000c0f6000 	/System/Library/Frameworks/ApplicationServices.framework/Versions/A/Frameworks/ATS.framework/Versions/A/Resources/libFontParser.dylib
0x000000000c0f6000 	/System/Library/Frameworks/ApplicationServices.framework/Versions/A/Frameworks/ATS.framework/Versions/A/Resources/libFontRegistry.dylib
0x000000000c0f6000 	/System/Library/PrivateFrameworks/AppleVPA.framework/Versions/A/AppleVPA
0x000000000c0f6000 	/System/Library/PrivateFrameworks/AppleJPEG.framework/Versions/A/AppleJPEG
0x000000000c0f6000 	/System/Library/Frameworks/ImageIO.framework/Versions/A/Resources/libJPEG.dylib
0x000000000c0f6000 	/System/Library/Frameworks/ImageIO.framework/Versions/A/Resources/libTIFF.dylib
0x000000000c0f6000 	/System/Library/Frameworks/ImageIO.framework/Versions/A/Resources/libPng.dylib
0x000000000c0f6000 	/System/Library/Frameworks/ImageIO.framework/Versions/A/Resources/libGIF.dylib
0x000000000c0f6000 	/System/Library/Frameworks/ImageIO.framework/Versions/A/Resources/libJP2.dylib
0x000000000c0f6000 	/System/Library/Frameworks/ImageIO.framework/Versions/A/Resources/libRadiance.dylib
0x000000000c0f6000 	/System/Library/Frameworks/CoreVideo.framework/Versions/A/CoreVideo
0x000000000c0f6000 	/System/Library/Frameworks/OpenGL.framework/Versions/A/Libraries/libGLU.dylib
0x000000000c0f6000 	/System/Library/Frameworks/OpenGL.framework/Versions/A/Libraries/libGFXShared.dylib
0x000000000c0f6000 	/System/Library/Frameworks/OpenGL.framework/Versions/A/Libraries/libGL.dylib
0x000000000c0f6000 	/System/Library/Frameworks/OpenGL.framework/Versions/A/Libraries/libGLImage.dylib
0x000000000c0f6000 	/System/Library/Frameworks/OpenGL.framework/Versions/A/Libraries/libCVMSPluginSupport.dylib
0x000000000c0f6000 	/System/Library/Frameworks/OpenGL.framework/Versions/A/Libraries/libCoreVMClient.dylib
0x000000000c0f6000 	/usr/lib/libcups.2.dylib
0x000000000c0f6000 	/System/Library/Frameworks/Kerberos.framework/Versions/A/Kerberos
0x000000000c0f6000 	/System/Library/Frameworks/GSS.framework/Versions/A/GSS
0x000000000c0f6000 	/usr/lib/libresolv.9.dylib
0x000000000c0f6000 	/usr/lib/libiconv.2.dylib
0x000000000c0f6000 	/System/Library/PrivateFrameworks/Heimdal.framework/Versions/A/Heimdal
0x000000000c0f6000 	/usr/lib/libheimdal-asn1.dylib
0x000000000c0f6000 	/System/Library/Frameworks/OpenDirectory.framework/Versions/A/OpenDirectory
0x000000000c0f6000 	/System/Library/PrivateFrameworks/CommonAuth.framework/Versions/A/CommonAuth
0x000000000c0f6000 	/System/Library/Frameworks/OpenDirectory.framework/Versions/A/Frameworks/CFOpenDirectory.framework/Versions/A/CFOpenDirectory
0x000000000c0f6000 	/System/Library/Frameworks/SecurityFoundation.framework/Versions/A/SecurityFoundation
0x000000000c0f6000 	/System/Library/PrivateFrameworks/LanguageModeling.framework/Versions/A/LanguageModeling
0x000000000c0f6000 	/usr/lib/libcmph.dylib
0x000000000c0f6000 	/System/Library/Frameworks/ServiceManagement.framework/Versions/A/ServiceManagement
0x000000000c0f6000 	/usr/lib/libxslt.1.dylib
0x000000000c0f6000 	/System/Library/Frameworks/Carbon.framework/Versions/A/Frameworks/Ink.framework/Versions/A/Ink
0x000000000c0f6000 	/System/Library/Frameworks/QuartzCore.framework/Versions/A/Frameworks/CoreImage.framework/Versions/A/CoreImage
0x000000000c0f6000 	/System/Library/PrivateFrameworks/CrashReporterSupport.framework/Versions/A/CrashReporterSupport
0x000000000c0f6000 	/System/Library/Frameworks/OpenCL.framework/Versions/A/OpenCL
0x000000000c0f6000 	/System/Library/PrivateFrameworks/FaceCore.framework/Versions/A/FaceCore
0x000000000c0f6000 	/System/Library/PrivateFrameworks/Ubiquity.framework/Versions/A/Ubiquity
0x000000000c0f6000 	/System/Library/PrivateFrameworks/IconServices.framework/Versions/A/IconServices
0x000000000c0f6000 	/System/Library/PrivateFrameworks/ChunkingLibrary.framework/Versions/A/ChunkingLibrary
0x000000000c0f6000 	/System/Library/PrivateFrameworks/Apple80211.framework/Versions/A/Apple80211
0x000000000c0f6000 	/System/Library/Frameworks/CoreWLAN.framework/Versions/A/CoreWLAN
0x000000000c0f6000 	/System/Library/Frameworks/IOBluetooth.framework/Versions/A/IOBluetooth
0x000000000c0f6000 	/System/Library/PrivateFrameworks/CoreWiFi.framework/Versions/A/CoreWiFi
0x000000000c0f6000 	/System/Library/Frameworks/CoreBluetooth.framework/Versions/A/CoreBluetooth
0x000000000c0f6000 	/System/Library/PrivateFrameworks/DebugSymbols.framework/Versions/A/DebugSymbols
0x000000000c0f6000 	/System/Library/PrivateFrameworks/CoreSymbolication.framework/Versions/A/CoreSymbolication
0x000000000c0f6000 	/System/Library/PrivateFrameworks/Symbolication.framework/Versions/A/Symbolication
0x000000000c0f6000 	/System/Library/PrivateFrameworks/SpeechRecognitionCore.framework/Versions/A/SpeechRecognitionCore
0x0000000109eee000 	/Library/Java/JavaVirtualMachines/jdk1.8.0_25.jdk/Contents/Home/jre/lib/server/libjvm.dylib
0x000000000c0f6000 	/usr/lib/libstdc++.6.dylib
0x000000010af0d000 	/Library/Java/JavaVirtualMachines/jdk1.8.0_25.jdk/Contents/Home/jre/lib/libverify.dylib
0x000000010af1b000 	/Library/Java/JavaVirtualMachines/jdk1.8.0_25.jdk/Contents/Home/jre/lib/libjava.dylib
0x000000010af70000 	/Library/Java/JavaVirtualMachines/jdk1.8.0_25.jdk/Contents/Home/jre/lib/libzip.dylib
0x0000000121804000 	/System/Library/Frameworks/JavaVM.framework/Frameworks/JavaRuntimeSupport.framework/JavaRuntimeSupport
0x000000010afea000 	/System/Library/Frameworks/JavaVM.framework/Versions/A/Frameworks/JavaNativeFoundation.framework/Versions/A/JavaNativeFoundation
0x000000012181c000 	/System/Library/Frameworks/JavaVM.framework/Versions/A/JavaVM
0x000000000c0f6000 	/System/Library/Frameworks/Carbon.framework/Versions/A/Carbon
0x0000000121829000 	/System/Library/PrivateFrameworks/JavaLaunching.framework/Versions/A/JavaLaunching
0x000000000c0f6000 	/System/Library/Frameworks/Carbon.framework/Versions/A/Frameworks/CommonPanels.framework/Versions/A/CommonPanels
0x000000000c0f6000 	/System/Library/Frameworks/Carbon.framework/Versions/A/Frameworks/Help.framework/Versions/A/Help
0x000000000c0f6000 	/System/Library/Frameworks/Carbon.framework/Versions/A/Frameworks/ImageCapture.framework/Versions/A/ImageCapture
0x000000000c0f6000 	/System/Library/Frameworks/Carbon.framework/Versions/A/Frameworks/OpenScripting.framework/Versions/A/OpenScripting
0x000000000c0f6000 	/System/Library/Frameworks/Carbon.framework/Versions/A/Frameworks/Print.framework/Versions/A/Print
0x000000000c0f6000 	/System/Library/Frameworks/Carbon.framework/Versions/A/Frameworks/SecurityHI.framework/Versions/A/SecurityHI
0x00000001239ca000 	/Library/Java/JavaVirtualMachines/jdk1.8.0_25.jdk/Contents/Home/jre/lib/libnet.dylib
0x00000001239e1000 	/Library/Java/JavaVirtualMachines/jdk1.8.0_25.jdk/Contents/Home/jre/lib/libnio.dylib

VM Arguments:
jvm_args: -Dclassworlds.conf=/Applications/NetBeans/NetBeans 8.0.2.app/Contents/Resources/NetBeans/java/maven/bin/m2.conf -Dmaven.home=/Applications/NetBeans/NetBeans 8.0.2.app/Contents/Resources/NetBeans/java/maven 
java_command: org.codehaus.plexus.classworlds.launcher.Launcher -Dmaven.ext.class.path=/Applications/NetBeans/NetBeans 8.0.2.app/Contents/Resources/NetBeans/java/maven-nblib/netbeans-eventspy.jar clean install
java_class_path (initial): /Applications/NetBeans/NetBeans 8.0.2.app/Contents/Resources/NetBeans/java/maven/boot/plexus-classworlds-2.4.jar
Launcher Type: SUN_STANDARD

Environment Variables:
JAVA_HOME=/Library/Java/JavaVirtualMachines/jdk1.8.0_25.jdk/Contents/Home
PATH=/usr/bin:/bin:/usr/sbin:/sbin
LD_LIBRARY_PATH=/Library/Java/JavaVirtualMachines/jdk1.8.0_25.jdk/Contents/Home/jre/lib/amd64:/Library/Java/JavaVirtualMachines/jdk1.8.0_25.jdk/Contents/Home/jre/lib/i386:
SHELL=/bin/bash
DYLD_LIBRARY_PATH=/Applications/NetBeans/NetBeans 8.0.2.app/Contents/Resources/NetBeans/webcommon/bin:

Signal Handlers:
SIGSEGV: [libjvm.dylib+0x579dc7], sa_mask[0]=11111111011111110111111111111111, sa_flags=SA_ONSTACK|SA_RESTART|SA_SIGINFO
SIGBUS: [libjvm.dylib+0x579dc7], sa_mask[0]=11111111011111110111111111111111, sa_flags=SA_RESTART|SA_SIGINFO
SIGFPE: [libjvm.dylib+0x45b030], sa_mask[0]=11111111011111110111111111111111, sa_flags=SA_RESTART|SA_SIGINFO
SIGPIPE: [libjvm.dylib+0x45b030], sa_mask[0]=11111111011111110111111111111111, sa_flags=SA_RESTART|SA_SIGINFO
SIGXFSZ: [libjvm.dylib+0x45b030], sa_mask[0]=11111111011111110111111111111111, sa_flags=SA_RESTART|SA_SIGINFO
SIGILL: [libjvm.dylib+0x45b030], sa_mask[0]=11111111011111110111111111111111, sa_flags=SA_RESTART|SA_SIGINFO
SIGUSR1: SIG_DFL, sa_mask[0]=00000000000000000000000000000000, sa_flags=none
SIGUSR2: [libjvm.dylib+0x45ab4e], sa_mask[0]=00100000000000000000000000000000, sa_flags=SA_RESTART|SA_SIGINFO
SIGHUP: [libjvm.dylib+0x459121], sa_mask[0]=11111111011111110111111111111111, sa_flags=SA_RESTART|SA_SIGINFO
SIGINT: SIG_IGN, sa_mask[0]=00000000000000000000000000000000, sa_flags=none
SIGTERM: [libjvm.dylib+0x459121], sa_mask[0]=11111111011111110111111111111111, sa_flags=SA_RESTART|SA_SIGINFO
SIGQUIT: [libjvm.dylib+0x459121], sa_mask[0]=11111111011111110111111111111111, sa_flags=SA_RESTART|SA_SIGINFO


---------------  S Y S T E M  ---------------

OS:Bsduname:Darwin 14.4.0 Darwin Kernel Version 14.4.0: Thu May 28 11:35:04 PDT 2015; root:xnu-2782.30.5~1/RELEASE_X86_64 x86_64
rlimit: STACK 8192k, CORE 0k, NPROC 709, NOFILE 10240, AS infinity
load average:1.98 2.11 2.12

CPU:total 4 (2 cores per cpu, 2 threads per core) family 6 model 42 stepping 7, cmov, cx8, fxsr, mmx, sse, sse2, sse3, ssse3, sse4.1, sse4.2, popcnt, avx, aes, clmul, ht, tsc, tscinvbit

Memory: 4k page, physical 8388608k(968304k free)

/proc/meminfo:


vm_info: Java HotSpot(TM) 64-Bit Server VM (25.25-b02) for bsd-amd64 JRE (1.8.0_25-b17), built on Sep 17 2014 16:56:50 by "java_re" with gcc 4.2.1 (Based on Apple Inc. build 5658) (LLVM build 2336.11.00)

time: Sat Sep  5 13:07:57 2015
elapsed time: 4 seconds (0d 0h 0m 4s)

